<?xml version="1.0" encoding="UTF-8"?>
<coverage generated="1789030744860" clover="3.2.0">
  <project timestamp="1789030744860" name="All files">
    <metrics statements="40" coveredstatements="38" conditionals="28" coveredconditionals="23" methods="7" coveredmethods="7" elements="75" coveredelements="68" complexity="0" loc="40" ncloc="40" packages="1" files="1" classes="1"/>
    <file name="jsonl-framing.ts" path="/home/harry/pidesk/packages/pi-host/src/jsonl-framing.ts">
      <metrics statements="40" coveredstatements="38" conditionals="28" coveredconditionals="23" methods="7" coveredmethods="7"/>
      <line num="17" count="13" type="stmt"/>
      <line num="19" count="13" type="stmt"/>
      <line num="20" count="13" type="cond" truecount="2" falsecount="0"/>
      <line num="21" count="14" type="stmt"/>
      <line num="22" count="14" type="cond" truecount="2" falsecount="0"/>
      <line num="24" count="1" type="stmt"/>
      <line num="25" count="1" type="stmt"/>
      <line num="26" count="1" type="stmt"/>
      <line num="29" count="13" type="cond" truecount="2" falsecount="0"/>
      <line num="31" count="2" type="cond" truecount="1" falsecount="3"/>
      <line num="32" count="14" type="stmt"/>
      <line num="33" count="14" type="cond" truecount="2" falsecount="0"/>
      <line num="34" count="0" type="stmt"/>
      <line num="37" count="0" type="stmt"/>
      <line num="42" count="13" type="stmt"/>
      <line num="43" count="13" type="cond" truecount="2" falsecount="0"/>
      <line num="44" count="2" type="stmt"/>
      <line num="46" count="11" type="stmt"/>
      <line num="49" count="1" type="stmt"/>
      <line num="57" count="10" type="stmt"/>
      <line num="58" count="10" type="stmt"/>
      <line num="63" count="24" type="stmt"/>
      <line num="64" count="18" type="stmt"/>
      <line num="65" count="18" type="stmt"/>
      <line num="67" count="24" type="cond" truecount="4" falsecount="0"/>
      <line num="68" count="1" type="stmt"/>
      <line num="69" count="1" type="stmt"/>
      <line num="73" count="10" type="stmt"/>
      <line num="76" count="13" type="cond" truecount="2" falsecount="0"/>
      <line num="80" count="13" type="cond" truecount="2" falsecount="0"/>
      <line num="81" count="13" type="stmt"/>
      <line num="82" count="13" type="stmt"/>
      <line num="83" count="13" type="cond" truecount="1" falsecount="1"/>
      <line num="84" count="13" type="stmt"/>
      <line num="85" count="13" type="stmt"/>
      <line num="91" count="11" type="stmt"/>
      <line num="92" count="11" type="stmt"/>
      <line num="93" count="11" type="cond" truecount="1" falsecount="1"/>
      <line num="94" count="11" type="stmt"/>
      <line num="101" count="19" type="cond" truecount="2" falsecount="0"/>
    </file>
  </project>
</coverage>
