<?xml version="1.0" encoding="UTF-8"?>
<coverage generated="1789030879479" clover="3.2.0">
  <project timestamp="1789030879479" name="All files">
    <metrics statements="112" coveredstatements="103" conditionals="74" coveredconditionals="60" methods="26" coveredmethods="22" elements="212" coveredelements="185" complexity="0" loc="112" ncloc="112" packages="1" files="2" classes="2"/>
    <file name="jsonl-framing.ts" path="/home/harry/pidesk/packages/pi-host/src/jsonl-framing.ts">
      <metrics statements="40" coveredstatements="38" conditionals="28" coveredconditionals="23" methods="7" coveredmethods="7"/>
      <line num="17" count="13" type="stmt"/>
      <line num="19" count="13" type="stmt"/>
      <line num="20" count="13" type="cond" truecount="2" falsecount="0"/>
      <line num="21" count="14" type="stmt"/>
      <line num="22" count="14" type="cond" truecount="2" falsecount="0"/>
      <line num="24" count="1" type="stmt"/>
      <line num="25" count="1" type="stmt"/>
      <line num="26" count="1" type="stmt"/>
      <line num="29" count="13" type="cond" truecount="2" falsecount="0"/>
      <line num="31" count="2" type="cond" truecount="1" falsecount="3"/>
      <line num="32" count="14" type="stmt"/>
      <line num="33" count="14" type="cond" truecount="2" falsecount="0"/>
      <line num="34" count="0" type="stmt"/>
      <line num="37" count="0" type="stmt"/>
      <line num="42" count="13" type="stmt"/>
      <line num="43" count="13" type="cond" truecount="2" falsecount="0"/>
      <line num="44" count="2" type="stmt"/>
      <line num="46" count="11" type="stmt"/>
      <line num="49" count="1" type="stmt"/>
      <line num="57" count="10" type="stmt"/>
      <line num="58" count="10" type="stmt"/>
      <line num="63" count="24" type="stmt"/>
      <line num="64" count="18" type="stmt"/>
      <line num="65" count="18" type="stmt"/>
      <line num="67" count="24" type="cond" truecount="4" falsecount="0"/>
      <line num="68" count="1" type="stmt"/>
      <line num="69" count="1" type="stmt"/>
      <line num="73" count="10" type="stmt"/>
      <line num="76" count="13" type="cond" truecount="2" falsecount="0"/>
      <line num="80" count="13" type="cond" truecount="2" falsecount="0"/>
      <line num="81" count="13" type="stmt"/>
      <line num="82" count="13" type="stmt"/>
      <line num="83" count="13" type="cond" truecount="1" falsecount="1"/>
      <line num="84" count="13" type="stmt"/>
      <line num="85" count="13" type="stmt"/>
      <line num="91" count="11" type="stmt"/>
      <line num="92" count="11" type="stmt"/>
      <line num="93" count="11" type="cond" truecount="1" falsecount="1"/>
      <line num="94" count="11" type="stmt"/>
      <line num="101" count="19" type="cond" truecount="2" falsecount="0"/>
    </file>
    <file name="rpc-client.ts" path="/home/harry/pidesk/packages/pi-host/src/rpc-client.ts">
      <metrics statements="72" coveredstatements="65" conditionals="46" coveredconditionals="37" methods="19" coveredmethods="15"/>
      <line num="19" count="1" type="stmt"/>
      <line num="26" count="1" type="stmt"/>
      <line num="39" count="1" type="stmt"/>
      <line num="42" count="7" type="stmt"/>
      <line num="43" count="7" type="stmt"/>
      <line num="44" count="7" type="stmt"/>
      <line num="45" count="7" type="stmt"/>
      <line num="47" count="7" type="stmt"/>
      <line num="49" count="7" type="stmt"/>
      <line num="50" count="7" type="stmt"/>
      <line num="51" count="7" type="stmt"/>
      <line num="52" count="7" type="stmt"/>
      <line num="57" count="7" type="stmt"/>
      <line num="72" count="11" type="cond" truecount="2" falsecount="0"/>
      <line num="73" count="10" type="stmt"/>
      <line num="74" count="10" type="cond" truecount="3" falsecount="1"/>
      <line num="76" count="11" type="stmt"/>
      <line num="79" count="10" type="stmt"/>
      <line num="80" count="4" type="stmt"/>
      <line num="81" count="6" type="stmt"/>
      <line num="86" count="11" type="stmt"/>
      <line num="87" count="11" type="cond" truecount="2" falsecount="0"/>
      <line num="88" count="8" type="stmt"/>
      <line num="92" count="10" type="stmt"/>
      <line num="93" count="10" type="cond" truecount="2" falsecount="0"/>
      <line num="95" count="0" type="stmt"/>
      <line num="97" count="10" type="stmt"/>
      <line num="102" count="22" type="cond" truecount="2" falsecount="0"/>
      <line num="103" count="21" type="stmt"/>
      <line num="104" count="21" type="cond" truecount="1" falsecount="1"/>
      <line num="107" count="21" type="stmt"/>
      <line num="108" count="21" type="stmt"/>
      <line num="111" count="9" type="cond" truecount="2" falsecount="0"/>
      <line num="112" count="1" type="stmt"/>
      <line num="114" count="9" type="stmt"/>
      <line num="116" count="12" type="stmt"/>
      <line num="117" count="12" type="stmt"/>
      <line num="122" count="1" type="cond" truecount="1" falsecount="1"/>
      <line num="123" count="1" type="stmt"/>
      <line num="124" count="3" type="stmt"/>
      <line num="126" count="1" type="stmt"/>
      <line num="133" count="1" type="stmt"/>
      <line num="136" count="0" type="stmt"/>
      <line num="139" count="0" type="stmt"/>
      <line num="142" count="3" type="stmt"/>
      <line num="149" count="12" type="cond" truecount="3" falsecount="1"/>
      <line num="150" count="12" type="stmt"/>
      <line num="151" count="12" type="cond" truecount="2" falsecount="2"/>
      <line num="154" count="8" type="cond" truecount="4" falsecount="0"/>
      <line num="155" count="2" type="stmt"/>
      <line num="156" count="2" type="stmt"/>
      <line num="158" count="6" type="stmt"/>
      <line num="159" count="6" type="cond" truecount="1" falsecount="1"/>
      <line num="160" count="6" type="stmt"/>
      <line num="161" count="6" type="cond" truecount="2" falsecount="0"/>
      <line num="162" count="6" type="cond" truecount="2" falsecount="0"/>
      <line num="163" count="4" type="stmt"/>
      <line num="166" count="2" type="cond" truecount="4" falsecount="0"/>
      <line num="167" count="1" type="stmt"/>
      <line num="169" count="2" type="cond" truecount="1" falsecount="1"/>
      <line num="171" count="6" type="stmt"/>
      <line num="174" count="0" type="stmt"/>
      <line num="175" count="0" type="stmt"/>
      <line num="177" count="0" type="stmt"/>
      <line num="178" count="0" type="stmt"/>
      <line num="181" count="4" type="stmt"/>
      <line num="187" count="4" type="stmt"/>
      <line num="188" count="4" type="cond" truecount="1" falsecount="1"/>
      <line num="189" count="4" type="stmt"/>
      <line num="190" count="4" type="cond" truecount="2" falsecount="0"/>
      <line num="191" count="4" type="stmt"/>
      <line num="195" count="2" type="stmt"/>
    </file>
  </project>
</coverage>
