{"/home/harry/pidesk/packages/pi-host/src/jsonl-framing.ts": {"path":"/home/harry/pidesk/packages/pi-host/src/jsonl-framing.ts","statementMap":{"0":{"start":{"line":17,"column":10},"end":{"line":17,"column":null}},"1":{"start":{"line":19,"column":13},"end":{"line":19,"column":null}},"2":{"start":{"line":20,"column":2},"end":{"line":35,"column":null}},"3":{"start":{"line":21,"column":14},"end":{"line":21,"column":null}},"4":{"start":{"line":22,"column":4},"end":{"line":27,"column":null}},"5":{"start":{"line":24,"column":6},"end":{"line":24,"column":null}},"6":{"start":{"line":25,"column":6},"end":{"line":25,"column":null}},"7":{"start":{"line":26,"column":6},"end":{"line":26,"column":null}},"8":{"start":{"line":29,"column":4},"end":{"line":29,"column":null}},"9":{"start":{"line":29,"column":26},"end":{"line":29,"column":null}},"10":{"start":{"line":31,"column":10},"end":{"line":31,"column":null}},"11":{"start":{"line":32,"column":18},"end":{"line":32,"column":null}},"12":{"start":{"line":33,"column":4},"end":{"line":33,"column":null}},"13":{"start":{"line":33,"column":34},"end":{"line":33,"column":null}},"14":{"start":{"line":34,"column":4},"end":{"line":34,"column":null}},"15":{"start":{"line":37,"column":2},"end":{"line":37,"column":null}},"16":{"start":{"line":42,"column":21},"end":{"line":42,"column":null}},"17":{"start":{"line":43,"column":2},"end":{"line":45,"column":null}},"18":{"start":{"line":44,"column":4},"end":{"line":44,"column":null}},"19":{"start":{"line":46,"column":2},"end":{"line":46,"column":null}},"20":{"start":{"line":49,"column":18},"end":{"line":49,"column":null}},"21":{"start":{"line":57,"column":16},"end":{"line":57,"column":null}},"22":{"start":{"line":58,"column":13},"end":{"line":58,"column":null}},"23":{"start":{"line":63,"column":4},"end":{"line":66,"column":null}},"24":{"start":{"line":64,"column":6},"end":{"line":64,"column":null}},"25":{"start":{"line":65,"column":6},"end":{"line":65,"column":null}},"26":{"start":{"line":67,"column":4},"end":{"line":70,"column":null}},"27":{"start":{"line":68,"column":6},"end":{"line":68,"column":null}},"28":{"start":{"line":69,"column":6},"end":{"line":69,"column":null}},"29":{"start":{"line":73,"column":2},"end":{"line":96,"column":null}},"30":{"start":{"line":76,"column":20},"end":{"line":78,"column":null}},"31":{"start":{"line":80,"column":23},"end":{"line":80,"column":null}},"32":{"start":{"line":81,"column":29},"end":{"line":81,"column":null}},"33":{"start":{"line":82,"column":6},"end":{"line":82,"column":null}},"34":{"start":{"line":83,"column":6},"end":{"line":86,"column":null}},"35":{"start":{"line":84,"column":8},"end":{"line":84,"column":null}},"36":{"start":{"line":85,"column":8},"end":{"line":85,"column":null}},"37":{"start":{"line":91,"column":19},"end":{"line":91,"column":null}},"38":{"start":{"line":92,"column":6},"end":{"line":92,"column":null}},"39":{"start":{"line":93,"column":6},"end":{"line":93,"column":null}},"40":{"start":{"line":93,"column":23},"end":{"line":93,"column":null}},"41":{"start":{"line":94,"column":6},"end":{"line":94,"column":null}},"42":{"start":{"line":101,"column":2},"end":{"line":101,"column":null}}},"fnMap":{"0":{"name":"utf8TailIncomplete","decl":{"start":{"line":16,"column":9},"end":{"line":16,"column":28}},"loc":{"start":{"line":16,"column":49},"end":{"line":38,"column":null}},"line":16},"1":{"name":"decodeUtf8Safe","decl":{"start":{"line":41,"column":9},"end":{"line":41,"column":24}},"loc":{"start":{"line":41,"column":69},"end":{"line":47,"column":null}},"line":41},"2":{"name":"createJsonlFramer","decl":{"start":{"line":56,"column":16},"end":{"line":56,"column":34}},"loc":{"start":{"line":56,"column":66},"end":{"line":97,"column":null}},"line":56},"3":{"name":"drain","decl":{"start":{"line":61,"column":11},"end":{"line":61,"column":17}},"loc":{"start":{"line":61,"column":42},"end":{"line":71,"column":null}},"line":61},"4":{"name":"push","decl":{"start":{"line":75,"column":4},"end":{"line":75,"column":9}},"loc":{"start":{"line":75,"column":39},"end":{"line":87,"column":null}},"line":75},"5":{"name":"end","decl":{"start":{"line":89,"column":4},"end":{"line":89,"column":16}},"loc":{"start":{"line":89,"column":16},"end":{"line":95,"column":null}},"line":89},"6":{"name":"stripCr","decl":{"start":{"line":100,"column":9},"end":{"line":100,"column":17}},"loc":{"start":{"line":100,"column":39},"end":{"line":102,"column":null}},"line":100}},"branchMap":{"0":{"loc":{"start":{"line":20,"column":9},"end":{"line":20,"column":29}},"type":"binary-expr","locations":[{"start":{"line":20,"column":9},"end":{"line":20,"column":21}},{"start":{"line":20,"column":21},"end":{"line":20,"column":29}}],"line":20},"1":{"loc":{"start":{"line":22,"column":4},"end":{"line":27,"column":null}},"type":"if","locations":[{"start":{"line":22,"column":4},"end":{"line":27,"column":null}},{"start":{},"end":{}}],"line":22},"2":{"loc":{"start":{"line":29,"column":4},"end":{"line":29,"column":null}},"type":"if","locations":[{"start":{"line":29,"column":4},"end":{"line":29,"column":null}},{"start":{},"end":{}}],"line":29},"3":{"loc":{"start":{"line":31,"column":10},"end":{"line":31,"column":null}},"type":"cond-expr","locations":[{"start":{"line":31,"column":38},"end":{"line":31,"column":43}},{"start":{"line":31,"column":38},"end":{"line":31,"column":null}}],"line":31},"4":{"loc":{"start":{"line":31,"column":38},"end":{"line":31,"column":null}},"type":"cond-expr","locations":[{"start":{"line":31,"column":64},"end":{"line":31,"column":68}},{"start":{"line":31,"column":68},"end":{"line":31,"column":null}}],"line":31},"5":{"loc":{"start":{"line":33,"column":4},"end":{"line":33,"column":null}},"type":"if","locations":[{"start":{"line":33,"column":4},"end":{"line":33,"column":null}},{"start":{},"end":{}}],"line":33},"6":{"loc":{"start":{"line":43,"column":2},"end":{"line":45,"column":null}},"type":"if","locations":[{"start":{"line":43,"column":2},"end":{"line":45,"column":null}},{"start":{},"end":{}}],"line":43},"7":{"loc":{"start":{"line":67,"column":4},"end":{"line":70,"column":null}},"type":"if","locations":[{"start":{"line":67,"column":4},"end":{"line":70,"column":null}},{"start":{},"end":{}}],"line":67},"8":{"loc":{"start":{"line":67,"column":8},"end":{"line":67,"column":33}},"type":"binary-expr","locations":[{"start":{"line":67,"column":8},"end":{"line":67,"column":20}},{"start":{"line":67,"column":20},"end":{"line":67,"column":33}}],"line":67},"9":{"loc":{"start":{"line":76,"column":20},"end":{"line":78,"column":null}},"type":"cond-expr","locations":[{"start":{"line":77,"column":10},"end":{"line":77,"column":null}},{"start":{"line":78,"column":10},"end":{"line":78,"column":null}}],"line":76},"10":{"loc":{"start":{"line":80,"column":23},"end":{"line":80,"column":null}},"type":"cond-expr","locations":[{"start":{"line":80,"column":44},"end":{"line":80,"column":78}},{"start":{"line":80,"column":78},"end":{"line":80,"column":null}}],"line":80},"11":{"loc":{"start":{"line":83,"column":6},"end":{"line":86,"column":null}},"type":"if","locations":[{"start":{"line":83,"column":6},"end":{"line":86,"column":null}},{"start":{},"end":{}}],"line":83},"12":{"loc":{"start":{"line":93,"column":6},"end":{"line":93,"column":null}},"type":"if","locations":[{"start":{"line":93,"column":6},"end":{"line":93,"column":null}},{"start":{},"end":{}}],"line":93},"13":{"loc":{"start":{"line":101,"column":9},"end":{"line":101,"column":null}},"type":"cond-expr","locations":[{"start":{"line":101,"column":31},"end":{"line":101,"column":51}},{"start":{"line":101,"column":51},"end":{"line":101,"column":null}}],"line":101}},"s":{"0":13,"1":13,"2":13,"3":14,"4":14,"5":1,"6":1,"7":1,"8":13,"9":11,"10":2,"11":14,"12":14,"13":2,"14":0,"15":0,"16":13,"17":13,"18":2,"19":11,"20":1,"21":10,"22":10,"23":24,"24":18,"25":18,"26":24,"27":1,"28":1,"29":10,"30":13,"31":13,"32":13,"33":13,"34":13,"35":13,"36":13,"37":11,"38":11,"39":11,"40":0,"41":11,"42":19},"f":{"0":13,"1":13,"2":10,"3":24,"4":13,"5":11,"6":19},"b":{"0":[13,14],"1":[1,13],"2":[11,2],"3":[2,0],"4":[0,0],"5":[2,12],"6":[2,11],"7":[1,23],"8":[24,11],"9":[1,12],"10":[2,11],"11":[13,0],"12":[0,11],"13":[2,17]},"meta":{"lastBranch":14,"lastFunction":7,"lastStatement":43,"seen":{"f:16:9:16:28":0,"s:17:10:17:Infinity":0,"s:19:13:19:Infinity":1,"s:20:2:35:Infinity":2,"b:20:9:20:21:20:21:20:29":0,"s:21:14:21:Infinity":3,"b:22:4:27:Infinity:undefined:undefined:undefined:undefined":1,"s:22:4:27:Infinity":4,"s:24:6:24:Infinity":5,"s:25:6:25:Infinity":6,"s:26:6:26:Infinity":7,"b:29:4:29:Infinity:undefined:undefined:undefined:undefined":2,"s:29:4:29:Infinity":8,"s:29:26:29:Infinity":9,"s:31:10:31:Infinity":10,"b:31:38:31:43:31:38:31:Infinity":3,"b:31:64:31:68:31:68:31:Infinity":4,"s:32:18:32:Infinity":11,"b:33:4:33:Infinity:undefined:undefined:undefined:undefined":5,"s:33:4:33:Infinity":12,"s:33:34:33:Infinity":13,"s:34:4:34:Infinity":14,"s:37:2:37:Infinity":15,"f:41:9:41:24":1,"s:42:21:42:Infinity":16,"b:43:2:45:Infinity:undefined:undefined:undefined:undefined":6,"s:43:2:45:Infinity":17,"s:44:4:44:Infinity":18,"s:46:2:46:Infinity":19,"s:49:18:49:Infinity":20,"f:56:16:56:34":2,"s:57:16:57:Infinity":21,"s:58:13:58:Infinity":22,"f:61:11:61:17":3,"s:63:4:66:Infinity":23,"s:64:6:64:Infinity":24,"s:65:6:65:Infinity":25,"b:67:4:70:Infinity:undefined:undefined:undefined:undefined":7,"s:67:4:70:Infinity":26,"b:67:8:67:20:67:20:67:33":8,"s:68:6:68:Infinity":27,"s:69:6:69:Infinity":28,"s:73:2:96:Infinity":29,"f:75:4:75:9":4,"s:76:20:78:Infinity":30,"b:77:10:77:Infinity:78:10:78:Infinity":9,"s:80:23:80:Infinity":31,"b:80:44:80:78:80:78:80:Infinity":10,"s:81:29:81:Infinity":32,"s:82:6:82:Infinity":33,"b:83:6:86:Infinity:undefined:undefined:undefined:undefined":11,"s:83:6:86:Infinity":34,"s:84:8:84:Infinity":35,"s:85:8:85:Infinity":36,"f:89:4:89:16":5,"s:91:19:91:Infinity":37,"s:92:6:92:Infinity":38,"b:93:6:93:Infinity:undefined:undefined:undefined:undefined":12,"s:93:6:93:Infinity":39,"s:93:23:93:Infinity":40,"s:94:6:94:Infinity":41,"f:100:9:100:17":6,"s:101:2:101:Infinity":42,"b:101:31:101:51:101:51:101:Infinity":13},"fnNames":{}}}
}
