{"/home/harry/pidesk/packages/pi-host/src/env.ts": {"path":"/home/harry/pidesk/packages/pi-host/src/env.ts","statementMap":{"0":{"start":{"line":25,"column":19},"end":{"line":25,"column":null}},"1":{"start":{"line":26,"column":2},"end":{"line":32,"column":null}},"2":{"start":{"line":36,"column":25},"end":{"line":36,"column":null}},"3":{"start":{"line":45,"column":22},"end":{"line":45,"column":null}},"4":{"start":{"line":46,"column":2},"end":{"line":46,"column":null}},"5":{"start":{"line":48,"column":23},"end":{"line":48,"column":null}},"6":{"start":{"line":49,"column":2},"end":{"line":49,"column":null}},"7":{"start":{"line":49,"column":32},"end":{"line":49,"column":null}},"8":{"start":{"line":52,"column":18},"end":{"line":52,"column":null}},"9":{"start":{"line":53,"column":2},"end":{"line":53,"column":null}},"10":{"start":{"line":54,"column":2},"end":{"line":54,"column":null}}},"fnMap":{"0":{"name":"buildPiEnv","decl":{"start":{"line":24,"column":16},"end":{"line":24,"column":27}},"loc":{"start":{"line":24,"column":63},"end":{"line":33,"column":null}},"line":24},"1":{"name":"bootstrapDataDir","decl":{"start":{"line":44,"column":16},"end":{"line":44,"column":33}},"loc":{"start":{"line":44,"column":56},"end":{"line":55,"column":null}},"line":44}},"branchMap":{"0":{"loc":{"start":{"line":49,"column":2},"end":{"line":49,"column":null}},"type":"if","locations":[{"start":{"line":49,"column":2},"end":{"line":49,"column":null}},{"start":{},"end":{}}],"line":49}},"s":{"0":20,"1":20,"2":2,"3":5,"4":5,"5":5,"6":5,"7":2,"8":3,"9":3,"10":3},"f":{"0":20,"1":5},"b":{"0":[2,3]},"meta":{"lastBranch":1,"lastFunction":2,"lastStatement":11,"seen":{"f:24:16:24:27":0,"s:25:19:25:Infinity":0,"s:26:2:32:Infinity":1,"s:36:25:36:Infinity":2,"f:44:16:44:33":1,"s:45:22:45:Infinity":3,"s:46:2:46:Infinity":4,"s:48:23:48:Infinity":5,"b:49:2:49:Infinity:undefined:undefined:undefined:undefined":0,"s:49:2:49:Infinity":6,"s:49:32:49:Infinity":7,"s:52:18:52:Infinity":8,"s:53:2:53:Infinity":9,"s:54:2:54:Infinity":10},"fnNames":{}}}
,"/home/harry/pidesk/packages/pi-host/src/jsonl-framing.ts": {"path":"/home/harry/pidesk/packages/pi-host/src/jsonl-framing.ts","statementMap":{"0":{"start":{"line":17,"column":10},"end":{"line":17,"column":null}},"1":{"start":{"line":19,"column":13},"end":{"line":19,"column":null}},"2":{"start":{"line":20,"column":2},"end":{"line":35,"column":null}},"3":{"start":{"line":21,"column":14},"end":{"line":21,"column":null}},"4":{"start":{"line":22,"column":4},"end":{"line":27,"column":null}},"5":{"start":{"line":24,"column":6},"end":{"line":24,"column":null}},"6":{"start":{"line":25,"column":6},"end":{"line":25,"column":null}},"7":{"start":{"line":26,"column":6},"end":{"line":26,"column":null}},"8":{"start":{"line":29,"column":4},"end":{"line":29,"column":null}},"9":{"start":{"line":29,"column":26},"end":{"line":29,"column":null}},"10":{"start":{"line":31,"column":10},"end":{"line":31,"column":null}},"11":{"start":{"line":32,"column":18},"end":{"line":32,"column":null}},"12":{"start":{"line":33,"column":4},"end":{"line":33,"column":null}},"13":{"start":{"line":33,"column":34},"end":{"line":33,"column":null}},"14":{"start":{"line":34,"column":4},"end":{"line":34,"column":null}},"15":{"start":{"line":37,"column":2},"end":{"line":37,"column":null}},"16":{"start":{"line":42,"column":21},"end":{"line":42,"column":null}},"17":{"start":{"line":43,"column":2},"end":{"line":45,"column":null}},"18":{"start":{"line":44,"column":4},"end":{"line":44,"column":null}},"19":{"start":{"line":46,"column":2},"end":{"line":46,"column":null}},"20":{"start":{"line":49,"column":39},"end":{"line":49,"column":null}},"21":{"start":{"line":57,"column":24},"end":{"line":57,"column":null}},"22":{"start":{"line":58,"column":13},"end":{"line":58,"column":null}},"23":{"start":{"line":63,"column":4},"end":{"line":66,"column":null}},"24":{"start":{"line":64,"column":6},"end":{"line":64,"column":null}},"25":{"start":{"line":65,"column":6},"end":{"line":65,"column":null}},"26":{"start":{"line":67,"column":4},"end":{"line":70,"column":null}},"27":{"start":{"line":68,"column":6},"end":{"line":68,"column":null}},"28":{"start":{"line":69,"column":6},"end":{"line":69,"column":null}},"29":{"start":{"line":73,"column":2},"end":{"line":96,"column":null}},"30":{"start":{"line":76,"column":20},"end":{"line":78,"column":null}},"31":{"start":{"line":80,"column":23},"end":{"line":80,"column":null}},"32":{"start":{"line":81,"column":29},"end":{"line":81,"column":null}},"33":{"start":{"line":82,"column":6},"end":{"line":82,"column":null}},"34":{"start":{"line":83,"column":6},"end":{"line":86,"column":null}},"35":{"start":{"line":84,"column":8},"end":{"line":84,"column":null}},"36":{"start":{"line":85,"column":8},"end":{"line":85,"column":null}},"37":{"start":{"line":91,"column":19},"end":{"line":91,"column":null}},"38":{"start":{"line":92,"column":6},"end":{"line":92,"column":null}},"39":{"start":{"line":93,"column":6},"end":{"line":93,"column":null}},"40":{"start":{"line":93,"column":23},"end":{"line":93,"column":null}},"41":{"start":{"line":94,"column":6},"end":{"line":94,"column":null}},"42":{"start":{"line":101,"column":2},"end":{"line":101,"column":null}}},"fnMap":{"0":{"name":"utf8TailIncomplete","decl":{"start":{"line":16,"column":9},"end":{"line":16,"column":28}},"loc":{"start":{"line":16,"column":49},"end":{"line":38,"column":null}},"line":16},"1":{"name":"decodeUtf8Safe","decl":{"start":{"line":41,"column":9},"end":{"line":41,"column":24}},"loc":{"start":{"line":41,"column":69},"end":{"line":47,"column":null}},"line":41},"2":{"name":"createJsonlFramer","decl":{"start":{"line":56,"column":16},"end":{"line":56,"column":34}},"loc":{"start":{"line":56,"column":66},"end":{"line":97,"column":null}},"line":56},"3":{"name":"drain","decl":{"start":{"line":61,"column":11},"end":{"line":61,"column":17}},"loc":{"start":{"line":61,"column":42},"end":{"line":71,"column":null}},"line":61},"4":{"name":"push","decl":{"start":{"line":75,"column":4},"end":{"line":75,"column":9}},"loc":{"start":{"line":75,"column":39},"end":{"line":87,"column":null}},"line":75},"5":{"name":"end","decl":{"start":{"line":89,"column":4},"end":{"line":89,"column":16}},"loc":{"start":{"line":89,"column":16},"end":{"line":95,"column":null}},"line":89},"6":{"name":"stripCr","decl":{"start":{"line":100,"column":9},"end":{"line":100,"column":17}},"loc":{"start":{"line":100,"column":39},"end":{"line":102,"column":null}},"line":100}},"branchMap":{"0":{"loc":{"start":{"line":20,"column":9},"end":{"line":20,"column":29}},"type":"binary-expr","locations":[{"start":{"line":20,"column":9},"end":{"line":20,"column":21}},{"start":{"line":20,"column":21},"end":{"line":20,"column":29}}],"line":20},"1":{"loc":{"start":{"line":22,"column":4},"end":{"line":27,"column":null}},"type":"if","locations":[{"start":{"line":22,"column":4},"end":{"line":27,"column":null}},{"start":{},"end":{}}],"line":22},"2":{"loc":{"start":{"line":29,"column":4},"end":{"line":29,"column":null}},"type":"if","locations":[{"start":{"line":29,"column":4},"end":{"line":29,"column":null}},{"start":{},"end":{}}],"line":29},"3":{"loc":{"start":{"line":31,"column":10},"end":{"line":31,"column":null}},"type":"cond-expr","locations":[{"start":{"line":31,"column":38},"end":{"line":31,"column":43}},{"start":{"line":31,"column":38},"end":{"line":31,"column":null}}],"line":31},"4":{"loc":{"start":{"line":31,"column":38},"end":{"line":31,"column":null}},"type":"cond-expr","locations":[{"start":{"line":31,"column":64},"end":{"line":31,"column":68}},{"start":{"line":31,"column":68},"end":{"line":31,"column":null}}],"line":31},"5":{"loc":{"start":{"line":33,"column":4},"end":{"line":33,"column":null}},"type":"if","locations":[{"start":{"line":33,"column":4},"end":{"line":33,"column":null}},{"start":{},"end":{}}],"line":33},"6":{"loc":{"start":{"line":43,"column":2},"end":{"line":45,"column":null}},"type":"if","locations":[{"start":{"line":43,"column":2},"end":{"line":45,"column":null}},{"start":{},"end":{}}],"line":43},"7":{"loc":{"start":{"line":67,"column":4},"end":{"line":70,"column":null}},"type":"if","locations":[{"start":{"line":67,"column":4},"end":{"line":70,"column":null}},{"start":{},"end":{}}],"line":67},"8":{"loc":{"start":{"line":67,"column":8},"end":{"line":67,"column":33}},"type":"binary-expr","locations":[{"start":{"line":67,"column":8},"end":{"line":67,"column":20}},{"start":{"line":67,"column":20},"end":{"line":67,"column":33}}],"line":67},"9":{"loc":{"start":{"line":76,"column":20},"end":{"line":78,"column":null}},"type":"cond-expr","locations":[{"start":{"line":77,"column":10},"end":{"line":77,"column":null}},{"start":{"line":78,"column":10},"end":{"line":78,"column":null}}],"line":76},"10":{"loc":{"start":{"line":80,"column":23},"end":{"line":80,"column":null}},"type":"cond-expr","locations":[{"start":{"line":80,"column":44},"end":{"line":80,"column":78}},{"start":{"line":80,"column":78},"end":{"line":80,"column":null}}],"line":80},"11":{"loc":{"start":{"line":83,"column":6},"end":{"line":86,"column":null}},"type":"if","locations":[{"start":{"line":83,"column":6},"end":{"line":86,"column":null}},{"start":{},"end":{}}],"line":83},"12":{"loc":{"start":{"line":93,"column":6},"end":{"line":93,"column":null}},"type":"if","locations":[{"start":{"line":93,"column":6},"end":{"line":93,"column":null}},{"start":{},"end":{}}],"line":93},"13":{"loc":{"start":{"line":101,"column":9},"end":{"line":101,"column":null}},"type":"cond-expr","locations":[{"start":{"line":101,"column":31},"end":{"line":101,"column":51}},{"start":{"line":101,"column":51},"end":{"line":101,"column":null}}],"line":101}},"s":{"0":17,"1":17,"2":17,"3":18,"4":18,"5":1,"6":1,"7":1,"8":17,"9":15,"10":2,"11":18,"12":18,"13":2,"14":0,"15":0,"16":17,"17":17,"18":2,"19":15,"20":2,"21":27,"22":27,"23":28,"24":21,"25":21,"26":28,"27":1,"28":1,"29":27,"30":17,"31":17,"32":17,"33":17,"34":17,"35":17,"36":17,"37":11,"38":11,"39":11,"40":0,"41":11,"42":22},"f":{"0":17,"1":17,"2":27,"3":28,"4":17,"5":11,"6":22},"b":{"0":[17,18],"1":[1,17],"2":[15,2],"3":[2,0],"4":[0,0],"5":[2,16],"6":[2,15],"7":[1,27],"8":[28,11],"9":[1,16],"10":[2,15],"11":[17,0],"12":[0,11],"13":[2,20]},"meta":{"lastBranch":14,"lastFunction":7,"lastStatement":43,"seen":{"f:16:9:16:28":0,"s:17:10:17:Infinity":0,"s:19:13:19:Infinity":1,"s:20:2:35:Infinity":2,"b:20:9:20:21:20:21:20:29":0,"s:21:14:21:Infinity":3,"b:22:4:27:Infinity:undefined:undefined:undefined:undefined":1,"s:22:4:27:Infinity":4,"s:24:6:24:Infinity":5,"s:25:6:25:Infinity":6,"s:26:6:26:Infinity":7,"b:29:4:29:Infinity:undefined:undefined:undefined:undefined":2,"s:29:4:29:Infinity":8,"s:29:26:29:Infinity":9,"s:31:10:31:Infinity":10,"b:31:38:31:43:31:38:31:Infinity":3,"b:31:64:31:68:31:68:31:Infinity":4,"s:32:18:32:Infinity":11,"b:33:4:33:Infinity:undefined:undefined:undefined:undefined":5,"s:33:4:33:Infinity":12,"s:33:34:33:Infinity":13,"s:34:4:34:Infinity":14,"s:37:2:37:Infinity":15,"f:41:9:41:24":1,"s:42:21:42:Infinity":16,"b:43:2:45:Infinity:undefined:undefined:undefined:undefined":6,"s:43:2:45:Infinity":17,"s:44:4:44:Infinity":18,"s:46:2:46:Infinity":19,"s:49:39:49:Infinity":20,"f:56:16:56:34":2,"s:57:24:57:Infinity":21,"s:58:13:58:Infinity":22,"f:61:11:61:17":3,"s:63:4:66:Infinity":23,"s:64:6:64:Infinity":24,"s:65:6:65:Infinity":25,"b:67:4:70:Infinity:undefined:undefined:undefined:undefined":7,"s:67:4:70:Infinity":26,"b:67:8:67:20:67:20:67:33":8,"s:68:6:68:Infinity":27,"s:69:6:69:Infinity":28,"s:73:2:96:Infinity":29,"f:75:4:75:9":4,"s:76:20:78:Infinity":30,"b:77:10:77:Infinity:78:10:78:Infinity":9,"s:80:23:80:Infinity":31,"b:80:44:80:78:80:78:80:Infinity":10,"s:81:29:81:Infinity":32,"s:82:6:82:Infinity":33,"b:83:6:86:Infinity:undefined:undefined:undefined:undefined":11,"s:83:6:86:Infinity":34,"s:84:8:84:Infinity":35,"s:85:8:85:Infinity":36,"f:89:4:89:16":5,"s:91:19:91:Infinity":37,"s:92:6:92:Infinity":38,"b:93:6:93:Infinity:undefined:undefined:undefined:undefined":12,"s:93:6:93:Infinity":39,"s:93:23:93:Infinity":40,"s:94:6:94:Infinity":41,"f:100:9:100:17":6,"s:101:2:101:Infinity":42,"b:101:31:101:51:101:51:101:Infinity":13},"fnNames":{}}}
,"/home/harry/pidesk/packages/pi-host/src/pi-process.ts": {"path":"/home/harry/pidesk/packages/pi-host/src/pi-process.ts","statementMap":{"0":{"start":{"line":41,"column":22},"end":{"line":41,"column":null}},"1":{"start":{"line":44,"column":19},"end":{"line":44,"column":null}},"2":{"start":{"line":47,"column":22},"end":{"line":47,"column":null}},"3":{"start":{"line":48,"column":22},"end":{"line":48,"column":null}},"4":{"start":{"line":124,"column":35},"end":{"line":124,"column":null}},"5":{"start":{"line":125,"column":42},"end":{"line":125,"column":null}},"6":{"start":{"line":126,"column":41},"end":{"line":126,"column":null}},"7":{"start":{"line":127,"column":79},"end":{"line":127,"column":null}},"8":{"start":{"line":129,"column":19},"end":{"line":129,"column":null}},"9":{"start":{"line":131,"column":31},"end":{"line":131,"column":null}},"10":{"start":{"line":133,"column":22},"end":{"line":133,"column":null}},"11":{"start":{"line":137,"column":60},"end":{"line":137,"column":null}},"12":{"start":{"line":138,"column":60},"end":{"line":138,"column":null}},"13":{"start":{"line":140,"column":50},"end":{"line":140,"column":null}},"14":{"start":{"line":142,"column":38},"end":{"line":142,"column":null}},"15":{"start":{"line":143,"column":38},"end":{"line":143,"column":null}},"16":{"start":{"line":144,"column":36},"end":{"line":144,"column":null}},"17":{"start":{"line":145,"column":43},"end":{"line":145,"column":null}},"18":{"start":{"line":148,"column":4},"end":{"line":151,"column":null}},"19":{"start":{"line":151,"column":8},"end":{"line":151,"column":null}},"20":{"start":{"line":152,"column":4},"end":{"line":152,"column":null}},"21":{"start":{"line":152,"column":55},"end":{"line":152,"column":null}},"22":{"start":{"line":153,"column":4},"end":{"line":153,"column":null}},"23":{"start":{"line":153,"column":48},"end":{"line":153,"column":null}},"24":{"start":{"line":154,"column":4},"end":{"line":154,"column":null}},"25":{"start":{"line":159,"column":4},"end":{"line":159,"column":null}},"26":{"start":{"line":164,"column":4},"end":{"line":164,"column":null}},"27":{"start":{"line":171,"column":4},"end":{"line":171,"column":null}},"28":{"start":{"line":176,"column":4},"end":{"line":176,"column":null}},"29":{"start":{"line":181,"column":4},"end":{"line":181,"column":null}},"30":{"start":{"line":186,"column":4},"end":{"line":186,"column":null}},"31":{"start":{"line":198,"column":4},"end":{"line":200,"column":null}},"32":{"start":{"line":199,"column":6},"end":{"line":199,"column":null}},"33":{"start":{"line":201,"column":4},"end":{"line":201,"column":null}},"34":{"start":{"line":202,"column":4},"end":{"line":202,"column":null}},"35":{"start":{"line":206,"column":4},"end":{"line":262,"column":null}},"36":{"start":{"line":208,"column":21},"end":{"line":208,"column":null}},"37":{"start":{"line":210,"column":6},"end":{"line":214,"column":null}},"38":{"start":{"line":211,"column":8},"end":{"line":213,"column":null}},"39":{"start":{"line":212,"column":10},"end":{"line":212,"column":null}},"40":{"start":{"line":212,"column":39},"end":{"line":212,"column":47}},"41":{"start":{"line":215,"column":6},"end":{"line":215,"column":null}},"42":{"start":{"line":217,"column":20},"end":{"line":220,"column":null}},"43":{"start":{"line":221,"column":6},"end":{"line":221,"column":null}},"44":{"start":{"line":222,"column":6},"end":{"line":226,"column":null}},"45":{"start":{"line":223,"column":20},"end":{"line":223,"column":null}},"46":{"start":{"line":224,"column":8},"end":{"line":224,"column":null}},"47":{"start":{"line":225,"column":8},"end":{"line":225,"column":null}},"48":{"start":{"line":227,"column":6},"end":{"line":229,"column":null}},"49":{"start":{"line":228,"column":8},"end":{"line":228,"column":null}},"50":{"start":{"line":231,"column":6},"end":{"line":233,"column":null}},"51":{"start":{"line":232,"column":8},"end":{"line":232,"column":null}},"52":{"start":{"line":235,"column":6},"end":{"line":237,"column":null}},"53":{"start":{"line":236,"column":8},"end":{"line":236,"column":null}},"54":{"start":{"line":238,"column":6},"end":{"line":238,"column":null}},"55":{"start":{"line":238,"column":37},"end":{"line":238,"column":61}},"56":{"start":{"line":239,"column":6},"end":{"line":239,"column":null}},"57":{"start":{"line":239,"column":47},"end":{"line":239,"column":76}},"58":{"start":{"line":240,"column":6},"end":{"line":242,"column":null}},"59":{"start":{"line":241,"column":8},"end":{"line":241,"column":null}},"60":{"start":{"line":243,"column":6},"end":{"line":243,"column":null}},"61":{"start":{"line":243,"column":42},"end":{"line":243,"column":66}},"62":{"start":{"line":244,"column":6},"end":{"line":244,"column":null}},"63":{"start":{"line":244,"column":42},"end":{"line":244,"column":66}},"64":{"start":{"line":246,"column":18},"end":{"line":248,"column":null}},"65":{"start":{"line":249,"column":6},"end":{"line":249,"column":null}},"66":{"start":{"line":249,"column":24},"end":{"line":249,"column":null}},"67":{"start":{"line":250,"column":6},"end":{"line":250,"column":null}},"68":{"start":{"line":252,"column":23},"end":{"line":252,"column":null}},"69":{"start":{"line":253,"column":6},"end":{"line":253,"column":null}},"70":{"start":{"line":254,"column":6},"end":{"line":254,"column":null}},"71":{"start":{"line":254,"column":36},"end":{"line":254,"column":null}},"72":{"start":{"line":255,"column":6},"end":{"line":255,"column":null}},"73":{"start":{"line":257,"column":18},"end":{"line":257,"column":null}},"74":{"start":{"line":258,"column":6},"end":{"line":258,"column":null}},"75":{"start":{"line":259,"column":6},"end":{"line":261,"column":null}},"76":{"start":{"line":274,"column":19},"end":{"line":274,"column":null}},"77":{"start":{"line":275,"column":4},"end":{"line":285,"column":null}},"78":{"start":{"line":276,"column":6},"end":{"line":276,"column":null}},"79":{"start":{"line":277,"column":6},"end":{"line":284,"column":null}},"80":{"start":{"line":278,"column":15},"end":{"line":278,"column":null}},"81":{"start":{"line":281,"column":10},"end":{"line":281,"column":null}},"82":{"start":{"line":281,"column":38},"end":{"line":281,"column":null}},"83":{"start":{"line":282,"column":10},"end":{"line":282,"column":null}},"84":{"start":{"line":286,"column":4},"end":{"line":286,"column":null}},"85":{"start":{"line":291,"column":19},"end":{"line":291,"column":null}},"86":{"start":{"line":292,"column":4},"end":{"line":292,"column":null}},"87":{"start":{"line":293,"column":4},"end":{"line":300,"column":null}},"88":{"start":{"line":294,"column":13},"end":{"line":294,"column":null}},"89":{"start":{"line":297,"column":8},"end":{"line":297,"column":null}},"90":{"start":{"line":297,"column":40},"end":{"line":297,"column":null}},"91":{"start":{"line":298,"column":8},"end":{"line":298,"column":null}},"92":{"start":{"line":309,"column":4},"end":{"line":311,"column":null}},"93":{"start":{"line":310,"column":6},"end":{"line":310,"column":null}},"94":{"start":{"line":312,"column":4},"end":{"line":312,"column":null}},"95":{"start":{"line":313,"column":4},"end":{"line":313,"column":null}},"96":{"start":{"line":313,"column":21},"end":{"line":313,"column":null}},"97":{"start":{"line":314,"column":4},"end":{"line":318,"column":null}},"98":{"start":{"line":315,"column":6},"end":{"line":315,"column":null}},"99":{"start":{"line":320,"column":4},"end":{"line":324,"column":null}},"100":{"start":{"line":321,"column":6},"end":{"line":321,"column":null}},"101":{"start":{"line":326,"column":4},"end":{"line":332,"column":null}},"102":{"start":{"line":327,"column":6},"end":{"line":331,"column":null}},"103":{"start":{"line":328,"column":8},"end":{"line":328,"column":null}},"104":{"start":{"line":333,"column":4},"end":{"line":339,"column":null}},"105":{"start":{"line":334,"column":6},"end":{"line":338,"column":null}},"106":{"start":{"line":335,"column":8},"end":{"line":335,"column":null}},"107":{"start":{"line":346,"column":4},"end":{"line":346,"column":null}},"108":{"start":{"line":346,"column":30},"end":{"line":346,"column":null}},"109":{"start":{"line":347,"column":4},"end":{"line":347,"column":null}},"110":{"start":{"line":348,"column":4},"end":{"line":348,"column":null}},"111":{"start":{"line":348,"column":34},"end":{"line":348,"column":52}},"112":{"start":{"line":352,"column":4},"end":{"line":352,"column":null}},"113":{"start":{"line":352,"column":34},"end":{"line":352,"column":43}},"114":{"start":{"line":357,"column":17},"end":{"line":357,"column":null}},"115":{"start":{"line":358,"column":4},"end":{"line":362,"column":null}},"116":{"start":{"line":359,"column":6},"end":{"line":359,"column":null}},"117":{"start":{"line":360,"column":11},"end":{"line":362,"column":null}},"118":{"start":{"line":361,"column":6},"end":{"line":361,"column":null}},"119":{"start":{"line":364,"column":4},"end":{"line":368,"column":null}},"120":{"start":{"line":365,"column":6},"end":{"line":365,"column":null}},"121":{"start":{"line":367,"column":6},"end":{"line":367,"column":null}},"122":{"start":{"line":373,"column":4},"end":{"line":373,"column":null}},"123":{"start":{"line":373,"column":21},"end":{"line":373,"column":null}},"124":{"start":{"line":374,"column":4},"end":{"line":374,"column":null}},"125":{"start":{"line":374,"column":64},"end":{"line":374,"column":null}},"126":{"start":{"line":375,"column":4},"end":{"line":375,"column":null}},"127":{"start":{"line":380,"column":4},"end":{"line":382,"column":null}},"128":{"start":{"line":381,"column":6},"end":{"line":381,"column":null}},"129":{"start":{"line":383,"column":4},"end":{"line":394,"column":null}},"130":{"start":{"line":384,"column":6},"end":{"line":388,"column":null}},"131":{"start":{"line":385,"column":8},"end":{"line":385,"column":null}},"132":{"start":{"line":389,"column":6},"end":{"line":393,"column":null}},"133":{"start":{"line":390,"column":8},"end":{"line":390,"column":null}},"134":{"start":{"line":399,"column":4},"end":{"line":399,"column":null}},"135":{"start":{"line":399,"column":21},"end":{"line":399,"column":null}},"136":{"start":{"line":400,"column":4},"end":{"line":400,"column":null}},"137":{"start":{"line":401,"column":4},"end":{"line":401,"column":null}},"138":{"start":{"line":403,"column":4},"end":{"line":407,"column":null}},"139":{"start":{"line":404,"column":6},"end":{"line":404,"column":null}},"140":{"start":{"line":409,"column":4},"end":{"line":415,"column":null}},"141":{"start":{"line":410,"column":6},"end":{"line":414,"column":null}},"142":{"start":{"line":411,"column":8},"end":{"line":411,"column":null}},"143":{"start":{"line":413,"column":8},"end":{"line":413,"column":null}},"144":{"start":{"line":416,"column":36},"end":{"line":421,"column":null}},"145":{"start":{"line":422,"column":4},"end":{"line":422,"column":null}},"146":{"start":{"line":422,"column":33},"end":{"line":422,"column":41}},"147":{"start":{"line":427,"column":4},"end":{"line":427,"column":null}},"148":{"start":{"line":428,"column":4},"end":{"line":430,"column":null}},"149":{"start":{"line":429,"column":6},"end":{"line":429,"column":null}},"150":{"start":{"line":435,"column":4},"end":{"line":438,"column":null}},"151":{"start":{"line":436,"column":6},"end":{"line":436,"column":null}},"152":{"start":{"line":437,"column":6},"end":{"line":437,"column":null}},"153":{"start":{"line":439,"column":4},"end":{"line":442,"column":null}},"154":{"start":{"line":440,"column":6},"end":{"line":440,"column":null}},"155":{"start":{"line":441,"column":6},"end":{"line":441,"column":null}},"156":{"start":{"line":447,"column":4},"end":{"line":449,"column":null}},"157":{"start":{"line":448,"column":6},"end":{"line":448,"column":null}},"158":{"start":{"line":450,"column":4},"end":{"line":450,"column":null}},"159":{"start":{"line":450,"column":22},"end":{"line":450,"column":null}},"160":{"start":{"line":451,"column":4},"end":{"line":451,"column":null}}},"fnMap":{"0":{"name":"constructor","decl":{"start":{"line":147,"column":2},"end":{"line":147,"column":14}},"loc":{"start":{"line":147,"column":40},"end":{"line":155,"column":null}},"line":147},"1":{"name":"(anonymous_1)","decl":{"start":{"line":149,"column":11},"end":{"line":149,"column":null}},"loc":{"start":{"line":151,"column":8},"end":{"line":151,"column":null}},"line":151},"2":{"name":"(anonymous_2)","decl":{"start":{"line":152,"column":27},"end":{"line":152,"column":43}},"loc":{"start":{"line":152,"column":55},"end":{"line":152,"column":null}},"line":152},"3":{"name":"(anonymous_3)","decl":{"start":{"line":153,"column":27},"end":{"line":153,"column":48}},"loc":{"start":{"line":153,"column":48},"end":{"line":153,"column":null}},"line":153},"4":{"name":"state","decl":{"start":{"line":158,"column":6},"end":{"line":158,"column":30}},"loc":{"start":{"line":158,"column":30},"end":{"line":160,"column":null}},"line":158},"5":{"name":"stderrTail","decl":{"start":{"line":163,"column":6},"end":{"line":163,"column":27}},"loc":{"start":{"line":163,"column":27},"end":{"line":165,"column":null}},"line":163},"6":{"name":"onState","decl":{"start":{"line":170,"column":2},"end":{"line":170,"column":10}},"loc":{"start":{"line":170,"column":35},"end":{"line":172,"column":null}},"line":170},"7":{"name":"onEvent","decl":{"start":{"line":175,"column":2},"end":{"line":175,"column":10}},"loc":{"start":{"line":175,"column":35},"end":{"line":177,"column":null}},"line":175},"8":{"name":"onExit","decl":{"start":{"line":180,"column":2},"end":{"line":180,"column":9}},"loc":{"start":{"line":180,"column":33},"end":{"line":182,"column":null}},"line":180},"9":{"name":"onWarn","decl":{"start":{"line":185,"column":2},"end":{"line":185,"column":9}},"loc":{"start":{"line":185,"column":40},"end":{"line":187,"column":null}},"line":185},"10":{"name":"start","decl":{"start":{"line":197,"column":2},"end":{"line":197,"column":8}},"loc":{"start":{"line":197,"column":69},"end":{"line":203,"column":null}},"line":197},"11":{"name":"doStart","decl":{"start":{"line":205,"column":16},"end":{"line":205,"column":24}},"loc":{"start":{"line":205,"column":85},"end":{"line":263,"column":null}},"line":205},"12":{"name":"(anonymous_12)","decl":{"start":{"line":211,"column":40},"end":{"line":211,"column":58}},"loc":{"start":{"line":211,"column":67},"end":{"line":213,"column":9}},"line":211},"13":{"name":"(anonymous_13)","decl":{"start":{"line":212,"column":23},"end":{"line":212,"column":32}},"loc":{"start":{"line":212,"column":39},"end":{"line":212,"column":47}},"line":212},"14":{"name":"(anonymous_14)","decl":{"start":{"line":222,"column":15},"end":{"line":222,"column":25}},"loc":{"start":{"line":222,"column":48},"end":{"line":226,"column":7}},"line":222},"15":{"name":"(anonymous_15)","decl":{"start":{"line":227,"column":15},"end":{"line":227,"column":24}},"loc":{"start":{"line":227,"column":47},"end":{"line":229,"column":7}},"line":227},"16":{"name":"(anonymous_16)","decl":{"start":{"line":231,"column":15},"end":{"line":231,"column":25}},"loc":{"start":{"line":231,"column":48},"end":{"line":233,"column":7}},"line":231},"17":{"name":"(anonymous_17)","decl":{"start":{"line":235,"column":25},"end":{"line":235,"column":37}},"loc":{"start":{"line":235,"column":47},"end":{"line":237,"column":7}},"line":235},"18":{"name":"(anonymous_18)","decl":{"start":{"line":238,"column":18},"end":{"line":238,"column":27}},"loc":{"start":{"line":238,"column":37},"end":{"line":238,"column":61}},"line":238},"19":{"name":"(anonymous_19)","decl":{"start":{"line":239,"column":18},"end":{"line":239,"column":36}},"loc":{"start":{"line":239,"column":47},"end":{"line":239,"column":76}},"line":239},"20":{"name":"(anonymous_20)","decl":{"start":{"line":240,"column":20},"end":{"line":240,"column":39}},"loc":{"start":{"line":240,"column":48},"end":{"line":242,"column":7}},"line":240},"21":{"name":"(anonymous_21)","decl":{"start":{"line":243,"column":23},"end":{"line":243,"column":32}},"loc":{"start":{"line":243,"column":42},"end":{"line":243,"column":66}},"line":243},"22":{"name":"(anonymous_22)","decl":{"start":{"line":244,"column":23},"end":{"line":244,"column":32}},"loc":{"start":{"line":244,"column":42},"end":{"line":244,"column":66}},"line":244},"23":{"name":"request","decl":{"start":{"line":269,"column":2},"end":{"line":269,"column":null}},"loc":{"start":{"line":273,"column":84},"end":{"line":287,"column":null}},"line":273},"24":{"name":"(anonymous_24)","decl":{"start":{"line":277,"column":49},"end":{"line":277,"column":null}},"loc":{"start":{"line":278,"column":15},"end":{"line":278,"column":null}},"line":278},"25":{"name":"(anonymous_25)","decl":{"start":{"line":278,"column":15},"end":{"line":278,"column":null}},"loc":{"start":{"line":279,"column":17},"end":{"line":283,"column":null}},"line":279},"26":{"name":"abort","decl":{"start":{"line":290,"column":2},"end":{"line":290,"column":90}},"loc":{"start":{"line":290,"column":90},"end":{"line":301,"column":null}},"line":290},"27":{"name":"(anonymous_27)","decl":{"start":{"line":293,"column":79},"end":{"line":293,"column":null}},"loc":{"start":{"line":294,"column":13},"end":{"line":294,"column":null}},"line":294},"28":{"name":"(anonymous_28)","decl":{"start":{"line":294,"column":13},"end":{"line":294,"column":null}},"loc":{"start":{"line":295,"column":15},"end":{"line":299,"column":null}},"line":295},"29":{"name":"stop","decl":{"start":{"line":308,"column":2},"end":{"line":308,"column":15}},"loc":{"start":{"line":308,"column":15},"end":{"line":340,"column":null}},"line":308},"30":{"name":"(anonymous_30)","decl":{"start":{"line":326,"column":21},"end":{"line":326,"column":38}},"loc":{"start":{"line":326,"column":38},"end":{"line":332,"column":7}},"line":326},"31":{"name":"(anonymous_31)","decl":{"start":{"line":333,"column":21},"end":{"line":333,"column":38}},"loc":{"start":{"line":333,"column":38},"end":{"line":339,"column":7}},"line":333},"32":{"name":"setState","decl":{"start":{"line":345,"column":2},"end":{"line":345,"column":10}},"loc":{"start":{"line":345,"column":67},"end":{"line":349,"column":null}},"line":345},"33":{"name":"(anonymous_33)","decl":{"start":{"line":348,"column":18},"end":{"line":348,"column":27}},"loc":{"start":{"line":348,"column":34},"end":{"line":348,"column":52}},"line":348},"34":{"name":"emitEvent","decl":{"start":{"line":351,"column":2},"end":{"line":351,"column":10}},"loc":{"start":{"line":351,"column":38},"end":{"line":353,"column":null}},"line":351},"35":{"name":"(anonymous_35)","decl":{"start":{"line":352,"column":18},"end":{"line":352,"column":27}},"loc":{"start":{"line":352,"column":34},"end":{"line":352,"column":43}},"line":352},"36":{"name":"consumeEvent","decl":{"start":{"line":356,"column":2},"end":{"line":356,"column":10}},"loc":{"start":{"line":356,"column":41},"end":{"line":369,"column":null}},"line":356},"37":{"name":"onTransportError","decl":{"start":{"line":372,"column":2},"end":{"line":372,"column":10}},"loc":{"start":{"line":372,"column":49},"end":{"line":376,"column":null}},"line":372},"38":{"name":"crash","decl":{"start":{"line":379,"column":2},"end":{"line":379,"column":10}},"loc":{"start":{"line":379,"column":38},"end":{"line":395,"column":null}},"line":379},"39":{"name":"handleExit","decl":{"start":{"line":398,"column":2},"end":{"line":398,"column":10}},"loc":{"start":{"line":398,"column":71},"end":{"line":423,"column":null}},"line":398},"40":{"name":"(anonymous_40)","decl":{"start":{"line":422,"column":17},"end":{"line":422,"column":26}},"loc":{"start":{"line":422,"column":33},"end":{"line":422,"column":41}},"line":422},"41":{"name":"appendStderr","decl":{"start":{"line":426,"column":2},"end":{"line":426,"column":10}},"loc":{"start":{"line":426,"column":53},"end":{"line":431,"column":null}},"line":426},"42":{"name":"clearKillTimers","decl":{"start":{"line":434,"column":2},"end":{"line":434,"column":10}},"loc":{"start":{"line":434,"column":34},"end":{"line":443,"column":null}},"line":434},"43":{"name":"readyClientOrThrow","decl":{"start":{"line":446,"column":2},"end":{"line":446,"column":10}},"loc":{"start":{"line":446,"column":61},"end":{"line":452,"column":null}},"line":446}},"branchMap":{"0":{"loc":{"start":{"line":147,"column":14},"end":{"line":147,"column":40}},"type":"default-arg","locations":[{"start":{"line":147,"column":36},"end":{"line":147,"column":40}}],"line":147},"1":{"loc":{"start":{"line":149,"column":6},"end":{"line":151,"column":null}},"type":"binary-expr","locations":[{"start":{"line":149,"column":6},"end":{"line":149,"column":null}},{"start":{"line":149,"column":11},"end":{"line":151,"column":null}}],"line":149},"2":{"loc":{"start":{"line":152,"column":22},"end":{"line":152,"column":null}},"type":"binary-expr","locations":[{"start":{"line":152,"column":22},"end":{"line":152,"column":43}},{"start":{"line":152,"column":27},"end":{"line":152,"column":null}}],"line":152},"3":{"loc":{"start":{"line":153,"column":22},"end":{"line":153,"column":null}},"type":"binary-expr","locations":[{"start":{"line":153,"column":22},"end":{"line":153,"column":48}},{"start":{"line":153,"column":27},"end":{"line":153,"column":null}}],"line":153},"4":{"loc":{"start":{"line":154,"column":24},"end":{"line":154,"column":null}},"type":"binary-expr","locations":[{"start":{"line":154,"column":24},"end":{"line":154,"column":45}},{"start":{"line":154,"column":45},"end":{"line":154,"column":null}}],"line":154},"5":{"loc":{"start":{"line":198,"column":4},"end":{"line":200,"column":null}},"type":"if","locations":[{"start":{"line":198,"column":4},"end":{"line":200,"column":null}},{"start":{},"end":{}}],"line":198},"6":{"loc":{"start":{"line":210,"column":6},"end":{"line":214,"column":null}},"type":"if","locations":[{"start":{"line":210,"column":6},"end":{"line":214,"column":null}},{"start":{},"end":{}}],"line":210},"7":{"loc":{"start":{"line":224,"column":29},"end":{"line":224,"column":null}},"type":"cond-expr","locations":[{"start":{"line":224,"column":52},"end":{"line":224,"column":66}},{"start":{"line":224,"column":66},"end":{"line":224,"column":null}}],"line":224},"8":{"loc":{"start":{"line":249,"column":6},"end":{"line":249,"column":null}},"type":"if","locations":[{"start":{"line":249,"column":6},"end":{"line":249,"column":null}},{"start":{},"end":{}}],"line":249},"9":{"loc":{"start":{"line":257,"column":18},"end":{"line":257,"column":null}},"type":"cond-expr","locations":[{"start":{"line":257,"column":41},"end":{"line":257,"column":55}},{"start":{"line":257,"column":55},"end":{"line":257,"column":null}}],"line":257},"10":{"loc":{"start":{"line":260,"column":45},"end":{"line":260,"column":79}},"type":"binary-expr","locations":[{"start":{"line":260,"column":45},"end":{"line":260,"column":75}},{"start":{"line":260,"column":75},"end":{"line":260,"column":79}}],"line":260},"11":{"loc":{"start":{"line":275,"column":4},"end":{"line":285,"column":null}},"type":"if","locations":[{"start":{"line":275,"column":4},"end":{"line":285,"column":null}},{"start":{},"end":{}}],"line":275},"12":{"loc":{"start":{"line":275,"column":8},"end":{"line":275,"column":63}},"type":"binary-expr","locations":[{"start":{"line":275,"column":8},"end":{"line":275,"column":38}},{"start":{"line":275,"column":38},"end":{"line":275,"column":63}}],"line":275},"13":{"loc":{"start":{"line":281,"column":10},"end":{"line":281,"column":null}},"type":"if","locations":[{"start":{"line":281,"column":10},"end":{"line":281,"column":null}},{"start":{},"end":{}}],"line":281},"14":{"loc":{"start":{"line":297,"column":8},"end":{"line":297,"column":null}},"type":"if","locations":[{"start":{"line":297,"column":8},"end":{"line":297,"column":null}},{"start":{},"end":{}}],"line":297},"15":{"loc":{"start":{"line":309,"column":4},"end":{"line":311,"column":null}},"type":"if","locations":[{"start":{"line":309,"column":4},"end":{"line":311,"column":null}},{"start":{},"end":{}}],"line":309},"16":{"loc":{"start":{"line":309,"column":8},"end":{"line":309,"column":64}},"type":"binary-expr","locations":[{"start":{"line":309,"column":8},"end":{"line":309,"column":37}},{"start":{"line":309,"column":37},"end":{"line":309,"column":64}}],"line":309},"17":{"loc":{"start":{"line":313,"column":4},"end":{"line":313,"column":null}},"type":"if","locations":[{"start":{"line":313,"column":4},"end":{"line":313,"column":null}},{"start":{},"end":{}}],"line":313},"18":{"loc":{"start":{"line":346,"column":4},"end":{"line":346,"column":null}},"type":"if","locations":[{"start":{"line":346,"column":4},"end":{"line":346,"column":null}},{"start":{},"end":{}}],"line":346},"19":{"loc":{"start":{"line":357,"column":17},"end":{"line":357,"column":null}},"type":"cond-expr","locations":[{"start":{"line":357,"column":63},"end":{"line":357,"column":76}},{"start":{"line":357,"column":76},"end":{"line":357,"column":null}}],"line":357},"20":{"loc":{"start":{"line":357,"column":17},"end":{"line":357,"column":63}},"type":"binary-expr","locations":[{"start":{"line":357,"column":17},"end":{"line":357,"column":35}},{"start":{"line":357,"column":35},"end":{"line":357,"column":63}}],"line":357},"21":{"loc":{"start":{"line":358,"column":4},"end":{"line":362,"column":null}},"type":"if","locations":[{"start":{"line":358,"column":4},"end":{"line":362,"column":null}},{"start":{"line":360,"column":11},"end":{"line":362,"column":null}}],"line":358},"22":{"loc":{"start":{"line":358,"column":8},"end":{"line":358,"column":60}},"type":"binary-expr","locations":[{"start":{"line":358,"column":8},"end":{"line":358,"column":34}},{"start":{"line":358,"column":34},"end":{"line":358,"column":60}}],"line":358},"23":{"loc":{"start":{"line":360,"column":11},"end":{"line":362,"column":null}},"type":"if","locations":[{"start":{"line":360,"column":11},"end":{"line":362,"column":null}},{"start":{},"end":{}}],"line":360},"24":{"loc":{"start":{"line":360,"column":15},"end":{"line":360,"column":67}},"type":"binary-expr","locations":[{"start":{"line":360,"column":15},"end":{"line":360,"column":45}},{"start":{"line":360,"column":45},"end":{"line":360,"column":67}}],"line":360},"25":{"loc":{"start":{"line":364,"column":4},"end":{"line":368,"column":null}},"type":"if","locations":[{"start":{"line":364,"column":4},"end":{"line":368,"column":null}},{"start":{"line":366,"column":11},"end":{"line":368,"column":null}}],"line":364},"26":{"loc":{"start":{"line":364,"column":8},"end":{"line":364,"column":69}},"type":"binary-expr","locations":[{"start":{"line":364,"column":8},"end":{"line":364,"column":38}},{"start":{"line":364,"column":38},"end":{"line":364,"column":69}}],"line":364},"27":{"loc":{"start":{"line":373,"column":4},"end":{"line":373,"column":null}},"type":"if","locations":[{"start":{"line":373,"column":4},"end":{"line":373,"column":null}},{"start":{},"end":{}}],"line":373},"28":{"loc":{"start":{"line":374,"column":4},"end":{"line":374,"column":null}},"type":"if","locations":[{"start":{"line":374,"column":4},"end":{"line":374,"column":null}},{"start":{},"end":{}}],"line":374},"29":{"loc":{"start":{"line":374,"column":8},"end":{"line":374,"column":64}},"type":"binary-expr","locations":[{"start":{"line":374,"column":8},"end":{"line":374,"column":37}},{"start":{"line":374,"column":37},"end":{"line":374,"column":64}}],"line":374},"30":{"loc":{"start":{"line":380,"column":4},"end":{"line":382,"column":null}},"type":"if","locations":[{"start":{"line":380,"column":4},"end":{"line":382,"column":null}},{"start":{},"end":{}}],"line":380},"31":{"loc":{"start":{"line":380,"column":8},"end":{"line":380,"column":64}},"type":"binary-expr","locations":[{"start":{"line":380,"column":8},"end":{"line":380,"column":37}},{"start":{"line":380,"column":37},"end":{"line":380,"column":64}}],"line":380},"32":{"loc":{"start":{"line":383,"column":4},"end":{"line":394,"column":null}},"type":"if","locations":[{"start":{"line":383,"column":4},"end":{"line":394,"column":null}},{"start":{},"end":{}}],"line":383},"33":{"loc":{"start":{"line":399,"column":4},"end":{"line":399,"column":null}},"type":"if","locations":[{"start":{"line":399,"column":4},"end":{"line":399,"column":null}},{"start":{},"end":{}}],"line":399},"34":{"loc":{"start":{"line":409,"column":4},"end":{"line":415,"column":null}},"type":"if","locations":[{"start":{"line":409,"column":4},"end":{"line":415,"column":null}},{"start":{},"end":{}}],"line":409},"35":{"loc":{"start":{"line":409,"column":8},"end":{"line":409,"column":64}},"type":"binary-expr","locations":[{"start":{"line":409,"column":8},"end":{"line":409,"column":37}},{"start":{"line":409,"column":37},"end":{"line":409,"column":64}}],"line":409},"36":{"loc":{"start":{"line":410,"column":6},"end":{"line":414,"column":null}},"type":"if","locations":[{"start":{"line":410,"column":6},"end":{"line":414,"column":null}},{"start":{"line":412,"column":13},"end":{"line":414,"column":null}}],"line":410},"37":{"loc":{"start":{"line":410,"column":10},"end":{"line":410,"column":41}},"type":"binary-expr","locations":[{"start":{"line":410,"column":10},"end":{"line":410,"column":24}},{"start":{"line":410,"column":24},"end":{"line":410,"column":41}}],"line":410},"38":{"loc":{"start":{"line":420,"column":10},"end":{"line":420,"column":null}},"type":"cond-expr","locations":[{"start":{"line":420,"column":45},"end":{"line":420,"column":82}},{"start":{"line":420,"column":82},"end":{"line":420,"column":null}}],"line":420},"39":{"loc":{"start":{"line":427,"column":22},"end":{"line":427,"column":null}},"type":"cond-expr","locations":[{"start":{"line":427,"column":50},"end":{"line":427,"column":58}},{"start":{"line":427,"column":58},"end":{"line":427,"column":null}}],"line":427},"40":{"loc":{"start":{"line":428,"column":4},"end":{"line":430,"column":null}},"type":"if","locations":[{"start":{"line":428,"column":4},"end":{"line":430,"column":null}},{"start":{},"end":{}}],"line":428},"41":{"loc":{"start":{"line":435,"column":4},"end":{"line":438,"column":null}},"type":"if","locations":[{"start":{"line":435,"column":4},"end":{"line":438,"column":null}},{"start":{},"end":{}}],"line":435},"42":{"loc":{"start":{"line":439,"column":4},"end":{"line":442,"column":null}},"type":"if","locations":[{"start":{"line":439,"column":4},"end":{"line":442,"column":null}},{"start":{},"end":{}}],"line":439},"43":{"loc":{"start":{"line":447,"column":4},"end":{"line":449,"column":null}},"type":"if","locations":[{"start":{"line":447,"column":4},"end":{"line":449,"column":null}},{"start":{},"end":{}}],"line":447},"44":{"loc":{"start":{"line":447,"column":8},"end":{"line":447,"column":59}},"type":"binary-expr","locations":[{"start":{"line":447,"column":8},"end":{"line":447,"column":35}},{"start":{"line":447,"column":35},"end":{"line":447,"column":59}}],"line":447},"45":{"loc":{"start":{"line":450,"column":4},"end":{"line":450,"column":null}},"type":"if","locations":[{"start":{"line":450,"column":4},"end":{"line":450,"column":null}},{"start":{},"end":{}}],"line":450}},"s":{"0":1,"1":1,"2":1,"3":1,"4":19,"5":19,"6":19,"7":19,"8":19,"9":19,"10":19,"11":19,"12":19,"13":19,"14":19,"15":19,"16":19,"17":19,"18":19,"19":0,"20":19,"21":0,"22":19,"23":0,"24":19,"25":0,"26":0,"27":19,"28":19,"29":19,"30":19,"31":20,"32":1,"33":19,"34":19,"35":19,"36":19,"37":19,"38":18,"39":1,"40":1,"41":17,"42":17,"43":17,"44":17,"45":1,"46":1,"47":1,"48":17,"49":8,"50":17,"51":0,"52":17,"53":1,"54":17,"55":7,"56":17,"57":2,"58":17,"59":3,"60":17,"61":4,"62":19,"63":1,"64":19,"65":14,"66":0,"67":14,"68":14,"69":14,"70":14,"71":2,"72":14,"73":5,"74":5,"75":5,"76":7,"77":7,"78":5,"79":5,"80":4,"81":1,"82":1,"83":1,"84":1,"85":2,"86":2,"87":2,"88":1,"89":0,"90":0,"91":0,"92":4,"93":3,"94":4,"95":4,"96":1,"97":3,"98":3,"99":3,"100":3,"101":3,"102":1,"103":1,"104":3,"105":1,"106":1,"107":54,"108":0,"109":54,"110":54,"111":54,"112":7,"113":7,"114":7,"115":7,"116":3,"117":4,"118":1,"119":7,"120":2,"121":5,"122":2,"123":0,"124":2,"125":1,"126":1,"127":7,"128":5,"129":7,"130":5,"131":5,"132":5,"133":5,"134":8,"135":0,"136":8,"137":8,"138":8,"139":8,"140":8,"141":4,"142":1,"143":3,"144":8,"145":8,"146":8,"147":1,"148":1,"149":0,"150":12,"151":2,"152":2,"153":12,"154":2,"155":2,"156":9,"157":2,"158":7,"159":0,"160":7},"f":{"0":19,"1":0,"2":0,"3":0,"4":0,"5":0,"6":19,"7":19,"8":19,"9":19,"10":20,"11":19,"12":1,"13":1,"14":1,"15":8,"16":0,"17":1,"18":7,"19":2,"20":3,"21":4,"22":1,"23":7,"24":4,"25":1,"26":2,"27":1,"28":0,"29":4,"30":1,"31":1,"32":54,"33":54,"34":7,"35":7,"36":7,"37":2,"38":7,"39":8,"40":8,"41":1,"42":12,"43":9},"b":{"0":[19],"1":[19,0],"2":[19,0],"3":[19,0],"4":[19,0],"5":[1,19],"6":[18,1],"7":[1,0],"8":[0,14],"9":[5,0],"10":[5,5],"11":[5,2],"12":[7,5],"13":[1,0],"14":[0,0],"15":[3,1],"16":[4,4],"17":[1,3],"18":[0,54],"19":[7,0],"20":[7,7],"21":[3,4],"22":[7,3],"23":[1,3],"24":[4,2],"25":[2,5],"26":[7,7],"27":[0,2],"28":[1,1],"29":[2,1],"30":[5,2],"31":[7,5],"32":[5,2],"33":[0,8],"34":[4,4],"35":[8,6],"36":[1,3],"37":[4,1],"38":[1,7],"39":[0,1],"40":[0,1],"41":[2,10],"42":[2,10],"43":[2,7],"44":[9,3],"45":[0,7]},"meta":{"lastBranch":46,"lastFunction":44,"lastStatement":161,"seen":{"s:41:22:41:Infinity":0,"s:44:19:44:Infinity":1,"s:47:22:47:Infinity":2,"s:48:22:48:Infinity":3,"s:124:35:124:Infinity":4,"s:125:42:125:Infinity":5,"s:126:41:126:Infinity":6,"s:127:79:127:Infinity":7,"s:129:19:129:Infinity":8,"s:131:31:131:Infinity":9,"s:133:22:133:Infinity":10,"s:137:60:137:Infinity":11,"s:138:60:138:Infinity":12,"s:140:50:140:Infinity":13,"s:142:38:142:Infinity":14,"s:143:38:143:Infinity":15,"s:144:36:144:Infinity":16,"s:145:43:145:Infinity":17,"f:147:2:147:14":0,"b:147:36:147:40":0,"s:148:4:151:Infinity":18,"b:149:6:149:Infinity:149:11:151:Infinity":1,"f:149:11:149:Infinity":1,"s:151:8:151:Infinity":19,"s:152:4:152:Infinity":20,"b:152:22:152:43:152:27:152:Infinity":2,"f:152:27:152:43":2,"s:152:55:152:Infinity":21,"s:153:4:153:Infinity":22,"b:153:22:153:48:153:27:153:Infinity":3,"f:153:27:153:48":3,"s:153:48:153:Infinity":23,"s:154:4:154:Infinity":24,"b:154:24:154:45:154:45:154:Infinity":4,"f:158:6:158:30":4,"s:159:4:159:Infinity":25,"f:163:6:163:27":5,"s:164:4:164:Infinity":26,"f:170:2:170:10":6,"s:171:4:171:Infinity":27,"f:175:2:175:10":7,"s:176:4:176:Infinity":28,"f:180:2:180:9":8,"s:181:4:181:Infinity":29,"f:185:2:185:9":9,"s:186:4:186:Infinity":30,"f:197:2:197:8":10,"b:198:4:200:Infinity:undefined:undefined:undefined:undefined":5,"s:198:4:200:Infinity":31,"s:199:6:199:Infinity":32,"s:201:4:201:Infinity":33,"s:202:4:202:Infinity":34,"f:205:16:205:24":11,"s:206:4:262:Infinity":35,"s:208:21:208:Infinity":36,"b:210:6:214:Infinity:undefined:undefined:undefined:undefined":6,"s:210:6:214:Infinity":37,"s:211:8:213:Infinity":38,"f:211:40:211:58":12,"s:212:10:212:Infinity":39,"f:212:23:212:32":13,"s:212:39:212:47":40,"s:215:6:215:Infinity":41,"s:217:20:220:Infinity":42,"s:221:6:221:Infinity":43,"s:222:6:226:Infinity":44,"f:222:15:222:25":14,"s:223:20:223:Infinity":45,"s:224:8:224:Infinity":46,"b:224:52:224:66:224:66:224:Infinity":7,"s:225:8:225:Infinity":47,"s:227:6:229:Infinity":48,"f:227:15:227:24":15,"s:228:8:228:Infinity":49,"s:231:6:233:Infinity":50,"f:231:15:231:25":16,"s:232:8:232:Infinity":51,"s:235:6:237:Infinity":52,"f:235:25:235:37":17,"s:236:8:236:Infinity":53,"s:238:6:238:Infinity":54,"f:238:18:238:27":18,"s:238:37:238:61":55,"s:239:6:239:Infinity":56,"f:239:18:239:36":19,"s:239:47:239:76":57,"s:240:6:242:Infinity":58,"f:240:20:240:39":20,"s:241:8:241:Infinity":59,"s:243:6:243:Infinity":60,"f:243:23:243:32":21,"s:243:42:243:66":61,"s:244:6:244:Infinity":62,"f:244:23:244:32":22,"s:244:42:244:66":63,"s:246:18:248:Infinity":64,"b:249:6:249:Infinity:undefined:undefined:undefined:undefined":8,"s:249:6:249:Infinity":65,"s:249:24:249:Infinity":66,"s:250:6:250:Infinity":67,"s:252:23:252:Infinity":68,"s:253:6:253:Infinity":69,"s:254:6:254:Infinity":70,"s:254:36:254:Infinity":71,"s:255:6:255:Infinity":72,"s:257:18:257:Infinity":73,"b:257:41:257:55:257:55:257:Infinity":9,"s:258:6:258:Infinity":74,"s:259:6:261:Infinity":75,"b:260:45:260:75:260:75:260:79":10,"f:269:2:269:Infinity":23,"s:274:19:274:Infinity":76,"b:275:4:285:Infinity:undefined:undefined:undefined:undefined":11,"s:275:4:285:Infinity":77,"b:275:8:275:38:275:38:275:63":12,"s:276:6:276:Infinity":78,"s:277:6:284:Infinity":79,"f:277:49:277:Infinity":24,"s:278:15:278:Infinity":80,"f:278:15:278:Infinity":25,"b:281:10:281:Infinity:undefined:undefined:undefined:undefined":13,"s:281:10:281:Infinity":81,"s:281:38:281:Infinity":82,"s:282:10:282:Infinity":83,"s:286:4:286:Infinity":84,"f:290:2:290:90":26,"s:291:19:291:Infinity":85,"s:292:4:292:Infinity":86,"s:293:4:300:Infinity":87,"f:293:79:293:Infinity":27,"s:294:13:294:Infinity":88,"f:294:13:294:Infinity":28,"b:297:8:297:Infinity:undefined:undefined:undefined:undefined":14,"s:297:8:297:Infinity":89,"s:297:40:297:Infinity":90,"s:298:8:298:Infinity":91,"f:308:2:308:15":29,"b:309:4:311:Infinity:undefined:undefined:undefined:undefined":15,"s:309:4:311:Infinity":92,"b:309:8:309:37:309:37:309:64":16,"s:310:6:310:Infinity":93,"s:312:4:312:Infinity":94,"b:313:4:313:Infinity:undefined:undefined:undefined:undefined":17,"s:313:4:313:Infinity":95,"s:313:21:313:Infinity":96,"s:314:4:318:Infinity":97,"s:315:6:315:Infinity":98,"s:320:4:324:Infinity":99,"s:321:6:321:Infinity":100,"s:326:4:332:Infinity":101,"f:326:21:326:38":30,"s:327:6:331:Infinity":102,"s:328:8:328:Infinity":103,"s:333:4:339:Infinity":104,"f:333:21:333:38":31,"s:334:6:338:Infinity":105,"s:335:8:335:Infinity":106,"f:345:2:345:10":32,"b:346:4:346:Infinity:undefined:undefined:undefined:undefined":18,"s:346:4:346:Infinity":107,"s:346:30:346:Infinity":108,"s:347:4:347:Infinity":109,"s:348:4:348:Infinity":110,"f:348:18:348:27":33,"s:348:34:348:52":111,"f:351:2:351:10":34,"s:352:4:352:Infinity":112,"f:352:18:352:27":35,"s:352:34:352:43":113,"f:356:2:356:10":36,"s:357:17:357:Infinity":114,"b:357:63:357:76:357:76:357:Infinity":19,"b:357:17:357:35:357:35:357:63":20,"b:358:4:362:Infinity:360:11:362:Infinity":21,"s:358:4:362:Infinity":115,"b:358:8:358:34:358:34:358:60":22,"s:359:6:359:Infinity":116,"b:360:11:362:Infinity:undefined:undefined:undefined:undefined":23,"s:360:11:362:Infinity":117,"b:360:15:360:45:360:45:360:67":24,"s:361:6:361:Infinity":118,"b:364:4:368:Infinity:366:11:368:Infinity":25,"s:364:4:368:Infinity":119,"b:364:8:364:38:364:38:364:69":26,"s:365:6:365:Infinity":120,"s:367:6:367:Infinity":121,"f:372:2:372:10":37,"b:373:4:373:Infinity:undefined:undefined:undefined:undefined":27,"s:373:4:373:Infinity":122,"s:373:21:373:Infinity":123,"b:374:4:374:Infinity:undefined:undefined:undefined:undefined":28,"s:374:4:374:Infinity":124,"b:374:8:374:37:374:37:374:64":29,"s:374:64:374:Infinity":125,"s:375:4:375:Infinity":126,"f:379:2:379:10":38,"b:380:4:382:Infinity:undefined:undefined:undefined:undefined":30,"s:380:4:382:Infinity":127,"b:380:8:380:37:380:37:380:64":31,"s:381:6:381:Infinity":128,"b:383:4:394:Infinity:undefined:undefined:undefined:undefined":32,"s:383:4:394:Infinity":129,"s:384:6:388:Infinity":130,"s:385:8:385:Infinity":131,"s:389:6:393:Infinity":132,"s:390:8:390:Infinity":133,"f:398:2:398:10":39,"b:399:4:399:Infinity:undefined:undefined:undefined:undefined":33,"s:399:4:399:Infinity":134,"s:399:21:399:Infinity":135,"s:400:4:400:Infinity":136,"s:401:4:401:Infinity":137,"s:403:4:407:Infinity":138,"s:404:6:404:Infinity":139,"b:409:4:415:Infinity:undefined:undefined:undefined:undefined":34,"s:409:4:415:Infinity":140,"b:409:8:409:37:409:37:409:64":35,"b:410:6:414:Infinity:412:13:414:Infinity":36,"s:410:6:414:Infinity":141,"b:410:10:410:24:410:24:410:41":37,"s:411:8:411:Infinity":142,"s:413:8:413:Infinity":143,"s:416:36:421:Infinity":144,"b:420:45:420:82:420:82:420:Infinity":38,"s:422:4:422:Infinity":145,"f:422:17:422:26":40,"s:422:33:422:41":146,"f:426:2:426:10":41,"s:427:4:427:Infinity":147,"b:427:50:427:58:427:58:427:Infinity":39,"b:428:4:430:Infinity:undefined:undefined:undefined:undefined":40,"s:428:4:430:Infinity":148,"s:429:6:429:Infinity":149,"f:434:2:434:10":42,"b:435:4:438:Infinity:undefined:undefined:undefined:undefined":41,"s:435:4:438:Infinity":150,"s:436:6:436:Infinity":151,"s:437:6:437:Infinity":152,"b:439:4:442:Infinity:undefined:undefined:undefined:undefined":42,"s:439:4:442:Infinity":153,"s:440:6:440:Infinity":154,"s:441:6:441:Infinity":155,"f:446:2:446:10":43,"b:447:4:449:Infinity:undefined:undefined:undefined:undefined":43,"s:447:4:449:Infinity":156,"b:447:8:447:35:447:35:447:59":44,"s:448:6:448:Infinity":157,"b:450:4:450:Infinity:undefined:undefined:undefined:undefined":45,"s:450:4:450:Infinity":158,"s:450:22:450:Infinity":159,"s:451:4:451:Infinity":160},"fnNames":{}}}
,"/home/harry/pidesk/packages/pi-host/src/rpc-client.ts": {"path":"/home/harry/pidesk/packages/pi-host/src/rpc-client.ts","statementMap":{"0":{"start":{"line":19,"column":26},"end":{"line":23,"column":null}},"1":{"start":{"line":26,"column":26},"end":{"line":26,"column":null}},"2":{"start":{"line":39,"column":27},"end":{"line":39,"column":null}},"3":{"start":{"line":42,"column":20},"end":{"line":42,"column":null}},"4":{"start":{"line":43,"column":16},"end":{"line":43,"column":null}},"5":{"start":{"line":44,"column":26},"end":{"line":44,"column":null}},"6":{"start":{"line":45,"column":19},"end":{"line":45,"column":null}},"7":{"start":{"line":47,"column":29},"end":{"line":47,"column":null}},"8":{"start":{"line":49,"column":50},"end":{"line":49,"column":null}},"9":{"start":{"line":50,"column":50},"end":{"line":50,"column":null}},"10":{"start":{"line":51,"column":51},"end":{"line":51,"column":null}},"11":{"start":{"line":52,"column":59},"end":{"line":52,"column":null}},"12":{"start":{"line":57,"column":31},"end":{"line":57,"column":65}},"13":{"start":{"line":72,"column":4},"end":{"line":72,"column":null}},"14":{"start":{"line":72,"column":21},"end":{"line":72,"column":null}},"15":{"start":{"line":73,"column":15},"end":{"line":73,"column":null}},"16":{"start":{"line":74,"column":22},"end":{"line":74,"column":null}},"17":{"start":{"line":76,"column":14},"end":{"line":84,"column":null}},"18":{"start":{"line":79,"column":6},"end":{"line":83,"column":null}},"19":{"start":{"line":80,"column":24},"end":{"line":80,"column":null}},"20":{"start":{"line":81,"column":23},"end":{"line":81,"column":null}},"21":{"start":{"line":86,"column":17},"end":{"line":86,"column":null}},"22":{"start":{"line":87,"column":4},"end":{"line":89,"column":null}},"23":{"start":{"line":88,"column":6},"end":{"line":88,"column":null}},"24":{"start":{"line":88,"column":36},"end":{"line":88,"column":69}},"25":{"start":{"line":92,"column":4},"end":{"line":96,"column":null}},"26":{"start":{"line":93,"column":6},"end":{"line":93,"column":null}},"27":{"start":{"line":95,"column":6},"end":{"line":95,"column":null}},"28":{"start":{"line":97,"column":4},"end":{"line":97,"column":null}},"29":{"start":{"line":102,"column":4},"end":{"line":102,"column":null}},"30":{"start":{"line":102,"column":21},"end":{"line":102,"column":null}},"31":{"start":{"line":103,"column":16},"end":{"line":103,"column":null}},"32":{"start":{"line":104,"column":4},"end":{"line":104,"column":null}},"33":{"start":{"line":104,"column":20},"end":{"line":104,"column":null}},"34":{"start":{"line":107,"column":4},"end":{"line":115,"column":null}},"35":{"start":{"line":108,"column":6},"end":{"line":108,"column":null}},"36":{"start":{"line":111,"column":6},"end":{"line":113,"column":null}},"37":{"start":{"line":112,"column":8},"end":{"line":112,"column":null}},"38":{"start":{"line":114,"column":6},"end":{"line":114,"column":null}},"39":{"start":{"line":116,"column":4},"end":{"line":116,"column":null}},"40":{"start":{"line":117,"column":4},"end":{"line":117,"column":null}},"41":{"start":{"line":122,"column":4},"end":{"line":122,"column":null}},"42":{"start":{"line":122,"column":21},"end":{"line":122,"column":null}},"43":{"start":{"line":123,"column":4},"end":{"line":123,"column":null}},"44":{"start":{"line":124,"column":4},"end":{"line":124,"column":null}},"45":{"start":{"line":124,"column":47},"end":{"line":124,"column":null}},"46":{"start":{"line":126,"column":4},"end":{"line":126,"column":null}},"47":{"start":{"line":133,"column":4},"end":{"line":133,"column":null}},"48":{"start":{"line":136,"column":4},"end":{"line":136,"column":null}},"49":{"start":{"line":139,"column":4},"end":{"line":139,"column":null}},"50":{"start":{"line":142,"column":4},"end":{"line":142,"column":null}},"51":{"start":{"line":149,"column":4},"end":{"line":149,"column":null}},"52":{"start":{"line":149,"column":53},"end":{"line":149,"column":null}},"53":{"start":{"line":150,"column":17},"end":{"line":150,"column":null}},"54":{"start":{"line":151,"column":4},"end":{"line":182,"column":null}},"55":{"start":{"line":154,"column":8},"end":{"line":157,"column":null}},"56":{"start":{"line":155,"column":10},"end":{"line":155,"column":null}},"57":{"start":{"line":156,"column":10},"end":{"line":156,"column":null}},"58":{"start":{"line":158,"column":21},"end":{"line":158,"column":null}},"59":{"start":{"line":159,"column":8},"end":{"line":159,"column":null}},"60":{"start":{"line":159,"column":19},"end":{"line":159,"column":null}},"61":{"start":{"line":160,"column":8},"end":{"line":160,"column":null}},"62":{"start":{"line":161,"column":8},"end":{"line":161,"column":null}},"63":{"start":{"line":161,"column":33},"end":{"line":161,"column":null}},"64":{"start":{"line":162,"column":8},"end":{"line":170,"column":null}},"65":{"start":{"line":163,"column":10},"end":{"line":163,"column":null}},"66":{"start":{"line":166,"column":10},"end":{"line":168,"column":null}},"67":{"start":{"line":167,"column":12},"end":{"line":167,"column":null}},"68":{"start":{"line":169,"column":10},"end":{"line":169,"column":null}},"69":{"start":{"line":171,"column":8},"end":{"line":171,"column":null}},"70":{"start":{"line":174,"column":8},"end":{"line":174,"column":null}},"71":{"start":{"line":174,"column":38},"end":{"line":174,"column":47}},"72":{"start":{"line":175,"column":8},"end":{"line":175,"column":null}},"73":{"start":{"line":177,"column":8},"end":{"line":177,"column":null}},"74":{"start":{"line":177,"column":39},"end":{"line":177,"column":48}},"75":{"start":{"line":178,"column":8},"end":{"line":178,"column":null}},"76":{"start":{"line":181,"column":8},"end":{"line":181,"column":null}},"77":{"start":{"line":181,"column":38},"end":{"line":181,"column":47}},"78":{"start":{"line":187,"column":17},"end":{"line":187,"column":null}},"79":{"start":{"line":188,"column":4},"end":{"line":188,"column":null}},"80":{"start":{"line":188,"column":15},"end":{"line":188,"column":null}},"81":{"start":{"line":189,"column":4},"end":{"line":189,"column":null}},"82":{"start":{"line":190,"column":4},"end":{"line":190,"column":null}},"83":{"start":{"line":190,"column":29},"end":{"line":190,"column":null}},"84":{"start":{"line":191,"column":4},"end":{"line":191,"column":null}},"85":{"start":{"line":195,"column":4},"end":{"line":195,"column":null}},"86":{"start":{"line":195,"column":41},"end":{"line":195,"column":51}}},"fnMap":{"0":{"name":"constructor","decl":{"start":{"line":57,"column":2},"end":{"line":57,"column":14}},"loc":{"start":{"line":57,"column":65},"end":{"line":57,"column":null}},"line":57},"1":{"name":"request","decl":{"start":{"line":67,"column":2},"end":{"line":67,"column":null}},"loc":{"start":{"line":71,"column":84},"end":{"line":98,"column":null}},"line":71},"2":{"name":"(anonymous_2)","decl":{"start":{"line":76,"column":18},"end":{"line":76,"column":null}},"loc":{"start":{"line":78,"column":27},"end":{"line":84,"column":5}},"line":78},"3":{"name":"(anonymous_3)","decl":{"start":{"line":80,"column":8},"end":{"line":80,"column":18}},"loc":{"start":{"line":80,"column":24},"end":{"line":80,"column":null}},"line":80},"4":{"name":"(anonymous_4)","decl":{"start":{"line":81,"column":8},"end":{"line":81,"column":17}},"loc":{"start":{"line":81,"column":23},"end":{"line":81,"column":null}},"line":81},"5":{"name":"(anonymous_5)","decl":{"start":{"line":88,"column":19},"end":{"line":88,"column":36}},"loc":{"start":{"line":88,"column":36},"end":{"line":88,"column":69}},"line":88},"6":{"name":"handleLine","decl":{"start":{"line":101,"column":2},"end":{"line":101,"column":13}},"loc":{"start":{"line":101,"column":33},"end":{"line":118,"column":null}},"line":101},"7":{"name":"close","decl":{"start":{"line":121,"column":2},"end":{"line":121,"column":16}},"loc":{"start":{"line":121,"column":16},"end":{"line":127,"column":null}},"line":121},"8":{"name":"onEvent","decl":{"start":{"line":132,"column":2},"end":{"line":132,"column":10}},"loc":{"start":{"line":132,"column":42},"end":{"line":134,"column":null}},"line":132},"9":{"name":"onExtensionUIRequest","decl":{"start":{"line":135,"column":2},"end":{"line":135,"column":23}},"loc":{"start":{"line":135,"column":55},"end":{"line":137,"column":null}},"line":135},"10":{"name":"onExtensionError","decl":{"start":{"line":138,"column":2},"end":{"line":138,"column":19}},"loc":{"start":{"line":138,"column":51},"end":{"line":140,"column":null}},"line":138},"11":{"name":"onTransportError","decl":{"start":{"line":141,"column":2},"end":{"line":141,"column":19}},"loc":{"start":{"line":141,"column":53},"end":{"line":143,"column":null}},"line":141},"12":{"name":"dispatch","decl":{"start":{"line":148,"column":2},"end":{"line":148,"column":10}},"loc":{"start":{"line":148,"column":37},"end":{"line":183,"column":null}},"line":148},"13":{"name":"(anonymous_13)","decl":{"start":{"line":174,"column":22},"end":{"line":174,"column":31}},"loc":{"start":{"line":174,"column":38},"end":{"line":174,"column":47}},"line":174},"14":{"name":"(anonymous_14)","decl":{"start":{"line":177,"column":23},"end":{"line":177,"column":32}},"loc":{"start":{"line":177,"column":39},"end":{"line":177,"column":48}},"line":177},"15":{"name":"(anonymous_15)","decl":{"start":{"line":181,"column":22},"end":{"line":181,"column":31}},"loc":{"start":{"line":181,"column":38},"end":{"line":181,"column":47}},"line":181},"16":{"name":"dropPending","decl":{"start":{"line":186,"column":2},"end":{"line":186,"column":10}},"loc":{"start":{"line":186,"column":56},"end":{"line":192,"column":null}},"line":186},"17":{"name":"emitTransportError","decl":{"start":{"line":194,"column":2},"end":{"line":194,"column":10}},"loc":{"start":{"line":194,"column":51},"end":{"line":196,"column":null}},"line":194},"18":{"name":"(anonymous_18)","decl":{"start":{"line":195,"column":25},"end":{"line":195,"column":34}},"loc":{"start":{"line":195,"column":41},"end":{"line":195,"column":51}},"line":195}},"branchMap":{"0":{"loc":{"start":{"line":72,"column":4},"end":{"line":72,"column":null}},"type":"if","locations":[{"start":{"line":72,"column":4},"end":{"line":72,"column":null}},{"start":{},"end":{}}],"line":72},"1":{"loc":{"start":{"line":74,"column":22},"end":{"line":74,"column":null}},"type":"binary-expr","locations":[{"start":{"line":74,"column":22},"end":{"line":74,"column":42}},{"start":{"line":74,"column":42},"end":{"line":74,"column":null}}],"line":74},"2":{"loc":{"start":{"line":74,"column":42},"end":{"line":74,"column":null}},"type":"cond-expr","locations":[{"start":{"line":74,"column":68},"end":{"line":74,"column":75}},{"start":{"line":74,"column":75},"end":{"line":74,"column":null}}],"line":74},"3":{"loc":{"start":{"line":87,"column":4},"end":{"line":89,"column":null}},"type":"if","locations":[{"start":{"line":87,"column":4},"end":{"line":89,"column":null}},{"start":{},"end":{}}],"line":87},"4":{"loc":{"start":{"line":93,"column":59},"end":{"line":93,"column":71}},"type":"binary-expr","locations":[{"start":{"line":93,"column":59},"end":{"line":93,"column":67}},{"start":{"line":93,"column":67},"end":{"line":93,"column":71}}],"line":93},"5":{"loc":{"start":{"line":102,"column":4},"end":{"line":102,"column":null}},"type":"if","locations":[{"start":{"line":102,"column":4},"end":{"line":102,"column":null}},{"start":{},"end":{}}],"line":102},"6":{"loc":{"start":{"line":104,"column":4},"end":{"line":104,"column":null}},"type":"if","locations":[{"start":{"line":104,"column":4},"end":{"line":104,"column":null}},{"start":{},"end":{}}],"line":104},"7":{"loc":{"start":{"line":111,"column":6},"end":{"line":113,"column":null}},"type":"if","locations":[{"start":{"line":111,"column":6},"end":{"line":113,"column":null}},{"start":{},"end":{}}],"line":111},"8":{"loc":{"start":{"line":122,"column":4},"end":{"line":122,"column":null}},"type":"if","locations":[{"start":{"line":122,"column":4},"end":{"line":122,"column":null}},{"start":{},"end":{}}],"line":122},"9":{"loc":{"start":{"line":149,"column":4},"end":{"line":149,"column":null}},"type":"if","locations":[{"start":{"line":149,"column":4},"end":{"line":149,"column":null}},{"start":{},"end":{}}],"line":149},"10":{"loc":{"start":{"line":149,"column":8},"end":{"line":149,"column":53}},"type":"binary-expr","locations":[{"start":{"line":149,"column":8},"end":{"line":149,"column":26}},{"start":{"line":149,"column":26},"end":{"line":149,"column":53}}],"line":149},"11":{"loc":{"start":{"line":151,"column":4},"end":{"line":182,"column":null}},"type":"switch","locations":[{"start":{"line":152,"column":6},"end":{"line":172,"column":null}},{"start":{"line":173,"column":6},"end":{"line":175,"column":null}},{"start":{"line":176,"column":6},"end":{"line":178,"column":null}},{"start":{"line":179,"column":6},"end":{"line":181,"column":null}}],"line":151},"12":{"loc":{"start":{"line":154,"column":8},"end":{"line":157,"column":null}},"type":"if","locations":[{"start":{"line":154,"column":8},"end":{"line":157,"column":null}},{"start":{},"end":{}}],"line":154},"13":{"loc":{"start":{"line":154,"column":12},"end":{"line":154,"column":65}},"type":"binary-expr","locations":[{"start":{"line":154,"column":12},"end":{"line":154,"column":41}},{"start":{"line":154,"column":41},"end":{"line":154,"column":65}}],"line":154},"14":{"loc":{"start":{"line":159,"column":8},"end":{"line":159,"column":null}},"type":"if","locations":[{"start":{"line":159,"column":8},"end":{"line":159,"column":null}},{"start":{},"end":{}}],"line":159},"15":{"loc":{"start":{"line":161,"column":8},"end":{"line":161,"column":null}},"type":"if","locations":[{"start":{"line":161,"column":8},"end":{"line":161,"column":null}},{"start":{},"end":{}}],"line":161},"16":{"loc":{"start":{"line":162,"column":8},"end":{"line":170,"column":null}},"type":"if","locations":[{"start":{"line":162,"column":8},"end":{"line":170,"column":null}},{"start":{"line":164,"column":15},"end":{"line":170,"column":null}}],"line":162},"17":{"loc":{"start":{"line":166,"column":10},"end":{"line":168,"column":null}},"type":"if","locations":[{"start":{"line":166,"column":10},"end":{"line":168,"column":null}},{"start":{},"end":{}}],"line":166},"18":{"loc":{"start":{"line":166,"column":14},"end":{"line":166,"column":93}},"type":"binary-expr","locations":[{"start":{"line":166,"column":14},"end":{"line":166,"column":49}},{"start":{"line":166,"column":49},"end":{"line":166,"column":93}}],"line":166},"19":{"loc":{"start":{"line":169,"column":22},"end":{"line":169,"column":61}},"type":"binary-expr","locations":[{"start":{"line":169,"column":22},"end":{"line":169,"column":37}},{"start":{"line":169,"column":37},"end":{"line":169,"column":61}}],"line":169},"20":{"loc":{"start":{"line":188,"column":4},"end":{"line":188,"column":null}},"type":"if","locations":[{"start":{"line":188,"column":4},"end":{"line":188,"column":null}},{"start":{},"end":{}}],"line":188},"21":{"loc":{"start":{"line":190,"column":4},"end":{"line":190,"column":null}},"type":"if","locations":[{"start":{"line":190,"column":4},"end":{"line":190,"column":null}},{"start":{},"end":{}}],"line":190}},"s":{"0":2,"1":2,"2":2,"3":8,"4":8,"5":8,"6":8,"7":8,"8":8,"9":8,"10":8,"11":8,"12":8,"13":12,"14":1,"15":11,"16":11,"17":12,"18":11,"19":5,"20":6,"21":12,"22":12,"23":9,"24":1,"25":11,"26":11,"27":0,"28":11,"29":25,"30":1,"31":24,"32":24,"33":0,"34":24,"35":24,"36":9,"37":1,"38":9,"39":15,"40":15,"41":1,"42":0,"43":1,"44":1,"45":3,"46":1,"47":2,"48":0,"49":0,"50":4,"51":15,"52":0,"53":15,"54":15,"55":9,"56":2,"57":2,"58":7,"59":7,"60":0,"61":7,"62":7,"63":6,"64":7,"65":5,"66":2,"67":1,"68":2,"69":7,"70":0,"71":0,"72":0,"73":0,"74":0,"75":0,"76":6,"77":5,"78":4,"79":4,"80":0,"81":4,"82":4,"83":3,"84":4,"85":2,"86":2},"f":{"0":8,"1":12,"2":11,"3":5,"4":6,"5":1,"6":25,"7":1,"8":2,"9":0,"10":0,"11":4,"12":15,"13":0,"14":0,"15":5,"16":4,"17":2,"18":2},"b":{"0":[1,11],"1":[11,2],"2":[2,0],"3":[9,3],"4":[11,6],"5":[1,24],"6":[0,24],"7":[1,8],"8":[0,1],"9":[0,15],"10":[15,15],"11":[9,0,0,6],"12":[2,7],"13":[9,7],"14":[0,7],"15":[6,1],"16":[5,2],"17":[1,1],"18":[2,2],"19":[2,0],"20":[0,4],"21":[3,1]},"meta":{"lastBranch":22,"lastFunction":19,"lastStatement":87,"seen":{"s:19:26:23:Infinity":0,"s:26:26:26:Infinity":1,"s:39:27:39:Infinity":2,"s:42:20:42:Infinity":3,"s:43:16:43:Infinity":4,"s:44:26:44:Infinity":5,"s:45:19:45:Infinity":6,"s:47:29:47:Infinity":7,"s:49:50:49:Infinity":8,"s:50:50:50:Infinity":9,"s:51:51:51:Infinity":10,"s:52:59:52:Infinity":11,"f:57:2:57:14":0,"s:57:31:57:65":12,"f:67:2:67:Infinity":1,"b:72:4:72:Infinity:undefined:undefined:undefined:undefined":0,"s:72:4:72:Infinity":13,"s:72:21:72:Infinity":14,"s:73:15:73:Infinity":15,"s:74:22:74:Infinity":16,"b:74:22:74:42:74:42:74:Infinity":1,"b:74:68:74:75:74:75:74:Infinity":2,"s:76:14:84:Infinity":17,"f:76:18:76:Infinity":2,"s:79:6:83:Infinity":18,"f:80:8:80:18":3,"s:80:24:80:Infinity":19,"f:81:8:81:17":4,"s:81:23:81:Infinity":20,"s:86:17:86:Infinity":21,"b:87:4:89:Infinity:undefined:undefined:undefined:undefined":3,"s:87:4:89:Infinity":22,"s:88:6:88:Infinity":23,"f:88:19:88:36":5,"s:88:36:88:69":24,"s:92:4:96:Infinity":25,"s:93:6:93:Infinity":26,"b:93:59:93:67:93:67:93:71":4,"s:95:6:95:Infinity":27,"s:97:4:97:Infinity":28,"f:101:2:101:13":6,"b:102:4:102:Infinity:undefined:undefined:undefined:undefined":5,"s:102:4:102:Infinity":29,"s:102:21:102:Infinity":30,"s:103:16:103:Infinity":31,"b:104:4:104:Infinity:undefined:undefined:undefined:undefined":6,"s:104:4:104:Infinity":32,"s:104:20:104:Infinity":33,"s:107:4:115:Infinity":34,"s:108:6:108:Infinity":35,"b:111:6:113:Infinity:undefined:undefined:undefined:undefined":7,"s:111:6:113:Infinity":36,"s:112:8:112:Infinity":37,"s:114:6:114:Infinity":38,"s:116:4:116:Infinity":39,"s:117:4:117:Infinity":40,"f:121:2:121:16":7,"b:122:4:122:Infinity:undefined:undefined:undefined:undefined":8,"s:122:4:122:Infinity":41,"s:122:21:122:Infinity":42,"s:123:4:123:Infinity":43,"s:124:4:124:Infinity":44,"s:124:47:124:Infinity":45,"s:126:4:126:Infinity":46,"f:132:2:132:10":8,"s:133:4:133:Infinity":47,"f:135:2:135:23":9,"s:136:4:136:Infinity":48,"f:138:2:138:19":10,"s:139:4:139:Infinity":49,"f:141:2:141:19":11,"s:142:4:142:Infinity":50,"f:148:2:148:10":12,"b:149:4:149:Infinity:undefined:undefined:undefined:undefined":9,"s:149:4:149:Infinity":51,"b:149:8:149:26:149:26:149:53":10,"s:149:53:149:Infinity":52,"s:150:17:150:Infinity":53,"b:152:6:172:Infinity:173:6:175:Infinity:176:6:178:Infinity:179:6:181:Infinity":11,"s:151:4:182:Infinity":54,"b:154:8:157:Infinity:undefined:undefined:undefined:undefined":12,"s:154:8:157:Infinity":55,"b:154:12:154:41:154:41:154:65":13,"s:155:10:155:Infinity":56,"s:156:10:156:Infinity":57,"s:158:21:158:Infinity":58,"b:159:8:159:Infinity:undefined:undefined:undefined:undefined":14,"s:159:8:159:Infinity":59,"s:159:19:159:Infinity":60,"s:160:8:160:Infinity":61,"b:161:8:161:Infinity:undefined:undefined:undefined:undefined":15,"s:161:8:161:Infinity":62,"s:161:33:161:Infinity":63,"b:162:8:170:Infinity:164:15:170:Infinity":16,"s:162:8:170:Infinity":64,"s:163:10:163:Infinity":65,"b:166:10:168:Infinity:undefined:undefined:undefined:undefined":17,"s:166:10:168:Infinity":66,"b:166:14:166:49:166:49:166:93":18,"s:167:12:167:Infinity":67,"s:169:10:169:Infinity":68,"b:169:22:169:37:169:37:169:61":19,"s:171:8:171:Infinity":69,"s:174:8:174:Infinity":70,"f:174:22:174:31":13,"s:174:38:174:47":71,"s:175:8:175:Infinity":72,"s:177:8:177:Infinity":73,"f:177:23:177:32":14,"s:177:39:177:48":74,"s:178:8:178:Infinity":75,"s:181:8:181:Infinity":76,"f:181:22:181:31":15,"s:181:38:181:47":77,"f:186:2:186:10":16,"s:187:17:187:Infinity":78,"b:188:4:188:Infinity:undefined:undefined:undefined:undefined":20,"s:188:4:188:Infinity":79,"s:188:15:188:Infinity":80,"s:189:4:189:Infinity":81,"b:190:4:190:Infinity:undefined:undefined:undefined:undefined":21,"s:190:4:190:Infinity":82,"s:190:29:190:Infinity":83,"s:191:4:191:Infinity":84,"f:194:2:194:10":17,"s:195:4:195:Infinity":85,"f:195:25:195:34":18,"s:195:41:195:51":86},"fnNames":{}}}
,"/home/harry/pidesk/packages/pi-host/src/version.ts": {"path":"/home/harry/pidesk/packages/pi-host/src/version.ts","statementMap":{"0":{"start":{"line":48,"column":54},"end":{"line":48,"column":null}},"1":{"start":{"line":51,"column":17},"end":{"line":51,"column":null}},"2":{"start":{"line":52,"column":2},"end":{"line":52,"column":null}},"3":{"start":{"line":52,"column":38},"end":{"line":52,"column":null}},"4":{"start":{"line":55,"column":16},"end":{"line":55,"column":null}},"5":{"start":{"line":56,"column":2},"end":{"line":56,"column":null}},"6":{"start":{"line":56,"column":13},"end":{"line":56,"column":null}},"7":{"start":{"line":59,"column":2},"end":{"line":61,"column":null}},"8":{"start":{"line":81,"column":2},"end":{"line":105,"column":null}},"9":{"start":{"line":82,"column":4},"end":{"line":104,"column":null}},"10":{"start":{"line":88,"column":8},"end":{"line":96,"column":null}},"11":{"start":{"line":90,"column":13},"end":{"line":93,"column":null}},"12":{"start":{"line":94,"column":10},"end":{"line":94,"column":null}},"13":{"start":{"line":95,"column":10},"end":{"line":95,"column":null}},"14":{"start":{"line":97,"column":24},"end":{"line":97,"column":null}},"15":{"start":{"line":98,"column":22},"end":{"line":98,"column":null}},"16":{"start":{"line":99,"column":8},"end":{"line":101,"column":null}},"17":{"start":{"line":100,"column":10},"end":{"line":100,"column":null}},"18":{"start":{"line":102,"column":8},"end":{"line":102,"column":null}}},"fnMap":{"0":{"name":"resolvePiBinary","decl":{"start":{"line":46,"column":16},"end":{"line":46,"column":null}},"loc":{"start":{"line":49,"column":10},"end":{"line":62,"column":null}},"line":49},"1":{"name":"(anonymous_1)","decl":{"start":{"line":48,"column":2},"end":{"line":48,"column":54}},"loc":{"start":{"line":48,"column":54},"end":{"line":48,"column":null}},"line":48},"2":{"name":"checkPiVersion","decl":{"start":{"line":75,"column":16},"end":{"line":75,"column":null}},"loc":{"start":{"line":80,"column":31},"end":{"line":106,"column":null}},"line":80},"3":{"name":"(anonymous_3)","decl":{"start":{"line":81,"column":13},"end":{"line":81,"column":22}},"loc":{"start":{"line":81,"column":42},"end":{"line":105,"column":3}},"line":81},"4":{"name":"(anonymous_4)","decl":{"start":{"line":85,"column":44},"end":{"line":85,"column":null}},"loc":{"start":{"line":86,"column":23},"end":{"line":103,"column":null}},"line":86}},"branchMap":{"0":{"loc":{"start":{"line":48,"column":2},"end":{"line":48,"column":null}},"type":"default-arg","locations":[{"start":{"line":48,"column":2},"end":{"line":48,"column":null}}],"line":48},"1":{"loc":{"start":{"line":52,"column":2},"end":{"line":52,"column":null}},"type":"if","locations":[{"start":{"line":52,"column":2},"end":{"line":52,"column":null}},{"start":{},"end":{}}],"line":52},"2":{"loc":{"start":{"line":52,"column":6},"end":{"line":52,"column":38}},"type":"binary-expr","locations":[{"start":{"line":52,"column":6},"end":{"line":52,"column":16}},{"start":{"line":52,"column":16},"end":{"line":52,"column":38}}],"line":52},"3":{"loc":{"start":{"line":56,"column":2},"end":{"line":56,"column":null}},"type":"if","locations":[{"start":{"line":56,"column":2},"end":{"line":56,"column":null}},{"start":{},"end":{}}],"line":56},"4":{"loc":{"start":{"line":79,"column":2},"end":{"line":79,"column":null}},"type":"default-arg","locations":[{"start":{"line":79,"column":29},"end":{"line":79,"column":null}}],"line":79},"5":{"loc":{"start":{"line":88,"column":8},"end":{"line":96,"column":null}},"type":"if","locations":[{"start":{"line":88,"column":8},"end":{"line":96,"column":null}},{"start":{},"end":{}}],"line":88},"6":{"loc":{"start":{"line":90,"column":13},"end":{"line":93,"column":null}},"type":"cond-expr","locations":[{"start":{"line":92,"column":16},"end":{"line":92,"column":null}},{"start":{"line":93,"column":16},"end":{"line":93,"column":null}}],"line":90},"7":{"loc":{"start":{"line":90,"column":13},"end":{"line":91,"column":null}},"type":"binary-expr","locations":[{"start":{"line":90,"column":13},"end":{"line":90,"column":null}},{"start":{"line":91,"column":13},"end":{"line":91,"column":null}}],"line":90},"8":{"loc":{"start":{"line":99,"column":8},"end":{"line":101,"column":null}},"type":"if","locations":[{"start":{"line":99,"column":8},"end":{"line":101,"column":null}},{"start":{},"end":{}}],"line":99},"9":{"loc":{"start":{"line":99,"column":12},"end":{"line":99,"column":30}},"type":"binary-expr","locations":[{"start":{"line":99,"column":12},"end":{"line":99,"column":22}},{"start":{"line":99,"column":22},"end":{"line":99,"column":30}}],"line":99}},"s":{"0":1,"1":24,"2":24,"3":1,"4":23,"5":23,"6":20,"7":3,"8":7,"9":7,"10":7,"11":3,"12":3,"13":3,"14":4,"15":4,"16":4,"17":1,"18":4},"f":{"0":24,"1":1,"2":7,"3":7,"4":7},"b":{"0":[1],"1":[1,23],"2":[24,2],"3":[20,3],"4":[7],"5":[3,4],"6":[1,2],"7":[3,2],"8":[1,3],"9":[4,1]},"meta":{"lastBranch":10,"lastFunction":5,"lastStatement":19,"seen":{"f:46:16:46:Infinity":0,"b:48:2:48:Infinity":0,"f:48:2:48:54":1,"s:48:54:48:Infinity":0,"s:51:17:51:Infinity":1,"b:52:2:52:Infinity:undefined:undefined:undefined:undefined":1,"s:52:2:52:Infinity":2,"b:52:6:52:16:52:16:52:38":2,"s:52:38:52:Infinity":3,"s:55:16:55:Infinity":4,"b:56:2:56:Infinity:undefined:undefined:undefined:undefined":3,"s:56:2:56:Infinity":5,"s:56:13:56:Infinity":6,"s:59:2:61:Infinity":7,"f:75:16:75:Infinity":2,"b:79:29:79:Infinity":4,"s:81:2:105:Infinity":8,"f:81:13:81:22":3,"s:82:4:104:Infinity":9,"f:85:44:85:Infinity":4,"b:88:8:96:Infinity:undefined:undefined:undefined:undefined":5,"s:88:8:96:Infinity":10,"s:90:13:93:Infinity":11,"b:92:16:92:Infinity:93:16:93:Infinity":6,"b:90:13:90:Infinity:91:13:91:Infinity":7,"s:94:10:94:Infinity":12,"s:95:10:95:Infinity":13,"s:97:24:97:Infinity":14,"s:98:22:98:Infinity":15,"b:99:8:101:Infinity:undefined:undefined:undefined:undefined":8,"s:99:8:101:Infinity":16,"b:99:12:99:22:99:22:99:30":9,"s:100:10:100:Infinity":17,"s:102:8:102:Infinity":18},"fnNames":{}}}
}
