{"/home/harry/pidesk/packages/pi-host/src/env.ts": {"path":"/home/harry/pidesk/packages/pi-host/src/env.ts","statementMap":{"0":{"start":{"line":25,"column":19},"end":{"line":25,"column":null}},"1":{"start":{"line":26,"column":2},"end":{"line":32,"column":null}},"2":{"start":{"line":36,"column":25},"end":{"line":36,"column":null}},"3":{"start":{"line":45,"column":22},"end":{"line":45,"column":null}},"4":{"start":{"line":46,"column":2},"end":{"line":46,"column":null}},"5":{"start":{"line":48,"column":23},"end":{"line":48,"column":null}},"6":{"start":{"line":49,"column":2},"end":{"line":49,"column":null}},"7":{"start":{"line":49,"column":32},"end":{"line":49,"column":null}},"8":{"start":{"line":52,"column":18},"end":{"line":52,"column":null}},"9":{"start":{"line":53,"column":2},"end":{"line":53,"column":null}},"10":{"start":{"line":54,"column":2},"end":{"line":54,"column":null}}},"fnMap":{"0":{"name":"buildPiEnv","decl":{"start":{"line":24,"column":16},"end":{"line":24,"column":27}},"loc":{"start":{"line":24,"column":63},"end":{"line":33,"column":null}},"line":24},"1":{"name":"bootstrapDataDir","decl":{"start":{"line":44,"column":16},"end":{"line":44,"column":33}},"loc":{"start":{"line":44,"column":56},"end":{"line":55,"column":null}},"line":44}},"branchMap":{"0":{"loc":{"start":{"line":49,"column":2},"end":{"line":49,"column":null}},"type":"if","locations":[{"start":{"line":49,"column":2},"end":{"line":49,"column":null}},{"start":{},"end":{}}],"line":49}},"s":{"0":3,"1":3,"2":1,"3":5,"4":5,"5":5,"6":5,"7":2,"8":3,"9":3,"10":3},"f":{"0":3,"1":5},"b":{"0":[2,3]},"meta":{"lastBranch":1,"lastFunction":2,"lastStatement":11,"seen":{"f:24:16:24:27":0,"s:25:19:25:Infinity":0,"s:26:2:32:Infinity":1,"s:36:25:36:Infinity":2,"f:44:16:44:33":1,"s:45:22:45:Infinity":3,"s:46:2:46:Infinity":4,"s:48:23:48:Infinity":5,"b:49:2:49:Infinity:undefined:undefined:undefined:undefined":0,"s:49:2:49:Infinity":6,"s:49:32:49:Infinity":7,"s:52:18:52:Infinity":8,"s:53:2:53:Infinity":9,"s:54:2:54:Infinity":10},"fnNames":{}}}
,"/home/harry/pidesk/packages/pi-host/src/jsonl-framing.ts": {"path":"/home/harry/pidesk/packages/pi-host/src/jsonl-framing.ts","statementMap":{"0":{"start":{"line":17,"column":10},"end":{"line":17,"column":null}},"1":{"start":{"line":19,"column":13},"end":{"line":19,"column":null}},"2":{"start":{"line":20,"column":2},"end":{"line":35,"column":null}},"3":{"start":{"line":21,"column":14},"end":{"line":21,"column":null}},"4":{"start":{"line":22,"column":4},"end":{"line":27,"column":null}},"5":{"start":{"line":24,"column":6},"end":{"line":24,"column":null}},"6":{"start":{"line":25,"column":6},"end":{"line":25,"column":null}},"7":{"start":{"line":26,"column":6},"end":{"line":26,"column":null}},"8":{"start":{"line":29,"column":4},"end":{"line":29,"column":null}},"9":{"start":{"line":29,"column":26},"end":{"line":29,"column":null}},"10":{"start":{"line":31,"column":10},"end":{"line":31,"column":null}},"11":{"start":{"line":32,"column":18},"end":{"line":32,"column":null}},"12":{"start":{"line":33,"column":4},"end":{"line":33,"column":null}},"13":{"start":{"line":33,"column":34},"end":{"line":33,"column":null}},"14":{"start":{"line":34,"column":4},"end":{"line":34,"column":null}},"15":{"start":{"line":37,"column":2},"end":{"line":37,"column":null}},"16":{"start":{"line":42,"column":21},"end":{"line":42,"column":null}},"17":{"start":{"line":43,"column":2},"end":{"line":45,"column":null}},"18":{"start":{"line":44,"column":4},"end":{"line":44,"column":null}},"19":{"start":{"line":46,"column":2},"end":{"line":46,"column":null}},"20":{"start":{"line":49,"column":39},"end":{"line":49,"column":null}},"21":{"start":{"line":57,"column":24},"end":{"line":57,"column":null}},"22":{"start":{"line":58,"column":13},"end":{"line":58,"column":null}},"23":{"start":{"line":63,"column":4},"end":{"line":66,"column":null}},"24":{"start":{"line":64,"column":6},"end":{"line":64,"column":null}},"25":{"start":{"line":65,"column":6},"end":{"line":65,"column":null}},"26":{"start":{"line":67,"column":4},"end":{"line":70,"column":null}},"27":{"start":{"line":68,"column":6},"end":{"line":68,"column":null}},"28":{"start":{"line":69,"column":6},"end":{"line":69,"column":null}},"29":{"start":{"line":73,"column":2},"end":{"line":96,"column":null}},"30":{"start":{"line":76,"column":20},"end":{"line":78,"column":null}},"31":{"start":{"line":80,"column":23},"end":{"line":80,"column":null}},"32":{"start":{"line":81,"column":29},"end":{"line":81,"column":null}},"33":{"start":{"line":82,"column":6},"end":{"line":82,"column":null}},"34":{"start":{"line":83,"column":6},"end":{"line":86,"column":null}},"35":{"start":{"line":84,"column":8},"end":{"line":84,"column":null}},"36":{"start":{"line":85,"column":8},"end":{"line":85,"column":null}},"37":{"start":{"line":91,"column":19},"end":{"line":91,"column":null}},"38":{"start":{"line":92,"column":6},"end":{"line":92,"column":null}},"39":{"start":{"line":93,"column":6},"end":{"line":93,"column":null}},"40":{"start":{"line":93,"column":23},"end":{"line":93,"column":null}},"41":{"start":{"line":94,"column":6},"end":{"line":94,"column":null}},"42":{"start":{"line":101,"column":2},"end":{"line":101,"column":null}}},"fnMap":{"0":{"name":"utf8TailIncomplete","decl":{"start":{"line":16,"column":9},"end":{"line":16,"column":28}},"loc":{"start":{"line":16,"column":49},"end":{"line":38,"column":null}},"line":16},"1":{"name":"decodeUtf8Safe","decl":{"start":{"line":41,"column":9},"end":{"line":41,"column":24}},"loc":{"start":{"line":41,"column":69},"end":{"line":47,"column":null}},"line":41},"2":{"name":"createJsonlFramer","decl":{"start":{"line":56,"column":16},"end":{"line":56,"column":34}},"loc":{"start":{"line":56,"column":66},"end":{"line":97,"column":null}},"line":56},"3":{"name":"drain","decl":{"start":{"line":61,"column":11},"end":{"line":61,"column":17}},"loc":{"start":{"line":61,"column":42},"end":{"line":71,"column":null}},"line":61},"4":{"name":"push","decl":{"start":{"line":75,"column":4},"end":{"line":75,"column":9}},"loc":{"start":{"line":75,"column":39},"end":{"line":87,"column":null}},"line":75},"5":{"name":"end","decl":{"start":{"line":89,"column":4},"end":{"line":89,"column":16}},"loc":{"start":{"line":89,"column":16},"end":{"line":95,"column":null}},"line":89},"6":{"name":"stripCr","decl":{"start":{"line":100,"column":9},"end":{"line":100,"column":17}},"loc":{"start":{"line":100,"column":39},"end":{"line":102,"column":null}},"line":100}},"branchMap":{"0":{"loc":{"start":{"line":20,"column":9},"end":{"line":20,"column":29}},"type":"binary-expr","locations":[{"start":{"line":20,"column":9},"end":{"line":20,"column":21}},{"start":{"line":20,"column":21},"end":{"line":20,"column":29}}],"line":20},"1":{"loc":{"start":{"line":22,"column":4},"end":{"line":27,"column":null}},"type":"if","locations":[{"start":{"line":22,"column":4},"end":{"line":27,"column":null}},{"start":{},"end":{}}],"line":22},"2":{"loc":{"start":{"line":29,"column":4},"end":{"line":29,"column":null}},"type":"if","locations":[{"start":{"line":29,"column":4},"end":{"line":29,"column":null}},{"start":{},"end":{}}],"line":29},"3":{"loc":{"start":{"line":31,"column":10},"end":{"line":31,"column":null}},"type":"cond-expr","locations":[{"start":{"line":31,"column":38},"end":{"line":31,"column":43}},{"start":{"line":31,"column":38},"end":{"line":31,"column":null}}],"line":31},"4":{"loc":{"start":{"line":31,"column":38},"end":{"line":31,"column":null}},"type":"cond-expr","locations":[{"start":{"line":31,"column":64},"end":{"line":31,"column":68}},{"start":{"line":31,"column":68},"end":{"line":31,"column":null}}],"line":31},"5":{"loc":{"start":{"line":33,"column":4},"end":{"line":33,"column":null}},"type":"if","locations":[{"start":{"line":33,"column":4},"end":{"line":33,"column":null}},{"start":{},"end":{}}],"line":33},"6":{"loc":{"start":{"line":43,"column":2},"end":{"line":45,"column":null}},"type":"if","locations":[{"start":{"line":43,"column":2},"end":{"line":45,"column":null}},{"start":{},"end":{}}],"line":43},"7":{"loc":{"start":{"line":67,"column":4},"end":{"line":70,"column":null}},"type":"if","locations":[{"start":{"line":67,"column":4},"end":{"line":70,"column":null}},{"start":{},"end":{}}],"line":67},"8":{"loc":{"start":{"line":67,"column":8},"end":{"line":67,"column":33}},"type":"binary-expr","locations":[{"start":{"line":67,"column":8},"end":{"line":67,"column":20}},{"start":{"line":67,"column":20},"end":{"line":67,"column":33}}],"line":67},"9":{"loc":{"start":{"line":76,"column":20},"end":{"line":78,"column":null}},"type":"cond-expr","locations":[{"start":{"line":77,"column":10},"end":{"line":77,"column":null}},{"start":{"line":78,"column":10},"end":{"line":78,"column":null}}],"line":76},"10":{"loc":{"start":{"line":80,"column":23},"end":{"line":80,"column":null}},"type":"cond-expr","locations":[{"start":{"line":80,"column":44},"end":{"line":80,"column":78}},{"start":{"line":80,"column":78},"end":{"line":80,"column":null}}],"line":80},"11":{"loc":{"start":{"line":83,"column":6},"end":{"line":86,"column":null}},"type":"if","locations":[{"start":{"line":83,"column":6},"end":{"line":86,"column":null}},{"start":{},"end":{}}],"line":83},"12":{"loc":{"start":{"line":93,"column":6},"end":{"line":93,"column":null}},"type":"if","locations":[{"start":{"line":93,"column":6},"end":{"line":93,"column":null}},{"start":{},"end":{}}],"line":93},"13":{"loc":{"start":{"line":101,"column":9},"end":{"line":101,"column":null}},"type":"cond-expr","locations":[{"start":{"line":101,"column":31},"end":{"line":101,"column":51}},{"start":{"line":101,"column":51},"end":{"line":101,"column":null}}],"line":101}},"s":{"0":13,"1":13,"2":13,"3":14,"4":14,"5":1,"6":1,"7":1,"8":13,"9":11,"10":2,"11":14,"12":14,"13":2,"14":0,"15":0,"16":13,"17":13,"18":2,"19":11,"20":1,"21":10,"22":10,"23":24,"24":18,"25":18,"26":24,"27":1,"28":1,"29":10,"30":13,"31":13,"32":13,"33":13,"34":13,"35":13,"36":13,"37":11,"38":11,"39":11,"40":0,"41":11,"42":19},"f":{"0":13,"1":13,"2":10,"3":24,"4":13,"5":11,"6":19},"b":{"0":[13,14],"1":[1,13],"2":[11,2],"3":[2,0],"4":[0,0],"5":[2,12],"6":[2,11],"7":[1,23],"8":[24,11],"9":[1,12],"10":[2,11],"11":[13,0],"12":[0,11],"13":[2,17]},"meta":{"lastBranch":14,"lastFunction":7,"lastStatement":43,"seen":{"f:16:9:16:28":0,"s:17:10:17:Infinity":0,"s:19:13:19:Infinity":1,"s:20:2:35:Infinity":2,"b:20:9:20:21:20:21:20:29":0,"s:21:14:21:Infinity":3,"b:22:4:27:Infinity:undefined:undefined:undefined:undefined":1,"s:22:4:27:Infinity":4,"s:24:6:24:Infinity":5,"s:25:6:25:Infinity":6,"s:26:6:26:Infinity":7,"b:29:4:29:Infinity:undefined:undefined:undefined:undefined":2,"s:29:4:29:Infinity":8,"s:29:26:29:Infinity":9,"s:31:10:31:Infinity":10,"b:31:38:31:43:31:38:31:Infinity":3,"b:31:64:31:68:31:68:31:Infinity":4,"s:32:18:32:Infinity":11,"b:33:4:33:Infinity:undefined:undefined:undefined:undefined":5,"s:33:4:33:Infinity":12,"s:33:34:33:Infinity":13,"s:34:4:34:Infinity":14,"s:37:2:37:Infinity":15,"f:41:9:41:24":1,"s:42:21:42:Infinity":16,"b:43:2:45:Infinity:undefined:undefined:undefined:undefined":6,"s:43:2:45:Infinity":17,"s:44:4:44:Infinity":18,"s:46:2:46:Infinity":19,"s:49:39:49:Infinity":20,"f:56:16:56:34":2,"s:57:24:57:Infinity":21,"s:58:13:58:Infinity":22,"f:61:11:61:17":3,"s:63:4:66:Infinity":23,"s:64:6:64:Infinity":24,"s:65:6:65:Infinity":25,"b:67:4:70:Infinity:undefined:undefined:undefined:undefined":7,"s:67:4:70:Infinity":26,"b:67:8:67:20:67:20:67:33":8,"s:68:6:68:Infinity":27,"s:69:6:69:Infinity":28,"s:73:2:96:Infinity":29,"f:75:4:75:9":4,"s:76:20:78:Infinity":30,"b:77:10:77:Infinity:78:10:78:Infinity":9,"s:80:23:80:Infinity":31,"b:80:44:80:78:80:78:80:Infinity":10,"s:81:29:81:Infinity":32,"s:82:6:82:Infinity":33,"b:83:6:86:Infinity:undefined:undefined:undefined:undefined":11,"s:83:6:86:Infinity":34,"s:84:8:84:Infinity":35,"s:85:8:85:Infinity":36,"f:89:4:89:16":5,"s:91:19:91:Infinity":37,"s:92:6:92:Infinity":38,"b:93:6:93:Infinity:undefined:undefined:undefined:undefined":12,"s:93:6:93:Infinity":39,"s:93:23:93:Infinity":40,"s:94:6:94:Infinity":41,"f:100:9:100:17":6,"s:101:2:101:Infinity":42,"b:101:31:101:51:101:51:101:Infinity":13},"fnNames":{}}}
,"/home/harry/pidesk/packages/pi-host/src/rpc-client.ts": {"path":"/home/harry/pidesk/packages/pi-host/src/rpc-client.ts","statementMap":{"0":{"start":{"line":19,"column":26},"end":{"line":23,"column":null}},"1":{"start":{"line":26,"column":26},"end":{"line":26,"column":null}},"2":{"start":{"line":39,"column":27},"end":{"line":39,"column":null}},"3":{"start":{"line":42,"column":20},"end":{"line":42,"column":null}},"4":{"start":{"line":43,"column":16},"end":{"line":43,"column":null}},"5":{"start":{"line":44,"column":26},"end":{"line":44,"column":null}},"6":{"start":{"line":45,"column":19},"end":{"line":45,"column":null}},"7":{"start":{"line":47,"column":29},"end":{"line":47,"column":null}},"8":{"start":{"line":49,"column":50},"end":{"line":49,"column":null}},"9":{"start":{"line":50,"column":50},"end":{"line":50,"column":null}},"10":{"start":{"line":51,"column":51},"end":{"line":51,"column":null}},"11":{"start":{"line":52,"column":59},"end":{"line":52,"column":null}},"12":{"start":{"line":57,"column":31},"end":{"line":57,"column":65}},"13":{"start":{"line":72,"column":4},"end":{"line":72,"column":null}},"14":{"start":{"line":72,"column":21},"end":{"line":72,"column":null}},"15":{"start":{"line":73,"column":15},"end":{"line":73,"column":null}},"16":{"start":{"line":74,"column":22},"end":{"line":74,"column":null}},"17":{"start":{"line":76,"column":14},"end":{"line":84,"column":null}},"18":{"start":{"line":79,"column":6},"end":{"line":83,"column":null}},"19":{"start":{"line":80,"column":24},"end":{"line":80,"column":null}},"20":{"start":{"line":81,"column":23},"end":{"line":81,"column":null}},"21":{"start":{"line":86,"column":17},"end":{"line":86,"column":null}},"22":{"start":{"line":87,"column":4},"end":{"line":89,"column":null}},"23":{"start":{"line":88,"column":6},"end":{"line":88,"column":null}},"24":{"start":{"line":88,"column":36},"end":{"line":88,"column":69}},"25":{"start":{"line":92,"column":4},"end":{"line":96,"column":null}},"26":{"start":{"line":93,"column":6},"end":{"line":93,"column":null}},"27":{"start":{"line":95,"column":6},"end":{"line":95,"column":null}},"28":{"start":{"line":97,"column":4},"end":{"line":97,"column":null}},"29":{"start":{"line":102,"column":4},"end":{"line":102,"column":null}},"30":{"start":{"line":102,"column":21},"end":{"line":102,"column":null}},"31":{"start":{"line":103,"column":16},"end":{"line":103,"column":null}},"32":{"start":{"line":104,"column":4},"end":{"line":104,"column":null}},"33":{"start":{"line":104,"column":20},"end":{"line":104,"column":null}},"34":{"start":{"line":107,"column":4},"end":{"line":115,"column":null}},"35":{"start":{"line":108,"column":6},"end":{"line":108,"column":null}},"36":{"start":{"line":111,"column":6},"end":{"line":113,"column":null}},"37":{"start":{"line":112,"column":8},"end":{"line":112,"column":null}},"38":{"start":{"line":114,"column":6},"end":{"line":114,"column":null}},"39":{"start":{"line":116,"column":4},"end":{"line":116,"column":null}},"40":{"start":{"line":117,"column":4},"end":{"line":117,"column":null}},"41":{"start":{"line":122,"column":4},"end":{"line":122,"column":null}},"42":{"start":{"line":122,"column":21},"end":{"line":122,"column":null}},"43":{"start":{"line":123,"column":4},"end":{"line":123,"column":null}},"44":{"start":{"line":124,"column":4},"end":{"line":124,"column":null}},"45":{"start":{"line":124,"column":47},"end":{"line":124,"column":null}},"46":{"start":{"line":126,"column":4},"end":{"line":126,"column":null}},"47":{"start":{"line":133,"column":4},"end":{"line":133,"column":null}},"48":{"start":{"line":136,"column":4},"end":{"line":136,"column":null}},"49":{"start":{"line":139,"column":4},"end":{"line":139,"column":null}},"50":{"start":{"line":142,"column":4},"end":{"line":142,"column":null}},"51":{"start":{"line":149,"column":4},"end":{"line":149,"column":null}},"52":{"start":{"line":149,"column":53},"end":{"line":149,"column":null}},"53":{"start":{"line":150,"column":17},"end":{"line":150,"column":null}},"54":{"start":{"line":151,"column":4},"end":{"line":182,"column":null}},"55":{"start":{"line":154,"column":8},"end":{"line":157,"column":null}},"56":{"start":{"line":155,"column":10},"end":{"line":155,"column":null}},"57":{"start":{"line":156,"column":10},"end":{"line":156,"column":null}},"58":{"start":{"line":158,"column":21},"end":{"line":158,"column":null}},"59":{"start":{"line":159,"column":8},"end":{"line":159,"column":null}},"60":{"start":{"line":159,"column":19},"end":{"line":159,"column":null}},"61":{"start":{"line":160,"column":8},"end":{"line":160,"column":null}},"62":{"start":{"line":161,"column":8},"end":{"line":161,"column":null}},"63":{"start":{"line":161,"column":33},"end":{"line":161,"column":null}},"64":{"start":{"line":162,"column":8},"end":{"line":170,"column":null}},"65":{"start":{"line":163,"column":10},"end":{"line":163,"column":null}},"66":{"start":{"line":166,"column":10},"end":{"line":168,"column":null}},"67":{"start":{"line":167,"column":12},"end":{"line":167,"column":null}},"68":{"start":{"line":169,"column":10},"end":{"line":169,"column":null}},"69":{"start":{"line":171,"column":8},"end":{"line":171,"column":null}},"70":{"start":{"line":174,"column":8},"end":{"line":174,"column":null}},"71":{"start":{"line":174,"column":38},"end":{"line":174,"column":47}},"72":{"start":{"line":175,"column":8},"end":{"line":175,"column":null}},"73":{"start":{"line":177,"column":8},"end":{"line":177,"column":null}},"74":{"start":{"line":177,"column":39},"end":{"line":177,"column":48}},"75":{"start":{"line":178,"column":8},"end":{"line":178,"column":null}},"76":{"start":{"line":181,"column":8},"end":{"line":181,"column":null}},"77":{"start":{"line":181,"column":38},"end":{"line":181,"column":47}},"78":{"start":{"line":187,"column":17},"end":{"line":187,"column":null}},"79":{"start":{"line":188,"column":4},"end":{"line":188,"column":null}},"80":{"start":{"line":188,"column":15},"end":{"line":188,"column":null}},"81":{"start":{"line":189,"column":4},"end":{"line":189,"column":null}},"82":{"start":{"line":190,"column":4},"end":{"line":190,"column":null}},"83":{"start":{"line":190,"column":29},"end":{"line":190,"column":null}},"84":{"start":{"line":191,"column":4},"end":{"line":191,"column":null}},"85":{"start":{"line":195,"column":4},"end":{"line":195,"column":null}},"86":{"start":{"line":195,"column":41},"end":{"line":195,"column":51}}},"fnMap":{"0":{"name":"constructor","decl":{"start":{"line":57,"column":2},"end":{"line":57,"column":14}},"loc":{"start":{"line":57,"column":65},"end":{"line":57,"column":null}},"line":57},"1":{"name":"request","decl":{"start":{"line":67,"column":2},"end":{"line":67,"column":null}},"loc":{"start":{"line":71,"column":84},"end":{"line":98,"column":null}},"line":71},"2":{"name":"(anonymous_2)","decl":{"start":{"line":76,"column":18},"end":{"line":76,"column":null}},"loc":{"start":{"line":78,"column":27},"end":{"line":84,"column":5}},"line":78},"3":{"name":"(anonymous_3)","decl":{"start":{"line":80,"column":8},"end":{"line":80,"column":18}},"loc":{"start":{"line":80,"column":24},"end":{"line":80,"column":null}},"line":80},"4":{"name":"(anonymous_4)","decl":{"start":{"line":81,"column":8},"end":{"line":81,"column":17}},"loc":{"start":{"line":81,"column":23},"end":{"line":81,"column":null}},"line":81},"5":{"name":"(anonymous_5)","decl":{"start":{"line":88,"column":19},"end":{"line":88,"column":36}},"loc":{"start":{"line":88,"column":36},"end":{"line":88,"column":69}},"line":88},"6":{"name":"handleLine","decl":{"start":{"line":101,"column":2},"end":{"line":101,"column":13}},"loc":{"start":{"line":101,"column":33},"end":{"line":118,"column":null}},"line":101},"7":{"name":"close","decl":{"start":{"line":121,"column":2},"end":{"line":121,"column":16}},"loc":{"start":{"line":121,"column":16},"end":{"line":127,"column":null}},"line":121},"8":{"name":"onEvent","decl":{"start":{"line":132,"column":2},"end":{"line":132,"column":10}},"loc":{"start":{"line":132,"column":42},"end":{"line":134,"column":null}},"line":132},"9":{"name":"onExtensionUIRequest","decl":{"start":{"line":135,"column":2},"end":{"line":135,"column":23}},"loc":{"start":{"line":135,"column":55},"end":{"line":137,"column":null}},"line":135},"10":{"name":"onExtensionError","decl":{"start":{"line":138,"column":2},"end":{"line":138,"column":19}},"loc":{"start":{"line":138,"column":51},"end":{"line":140,"column":null}},"line":138},"11":{"name":"onTransportError","decl":{"start":{"line":141,"column":2},"end":{"line":141,"column":19}},"loc":{"start":{"line":141,"column":53},"end":{"line":143,"column":null}},"line":141},"12":{"name":"dispatch","decl":{"start":{"line":148,"column":2},"end":{"line":148,"column":10}},"loc":{"start":{"line":148,"column":37},"end":{"line":183,"column":null}},"line":148},"13":{"name":"(anonymous_13)","decl":{"start":{"line":174,"column":22},"end":{"line":174,"column":31}},"loc":{"start":{"line":174,"column":38},"end":{"line":174,"column":47}},"line":174},"14":{"name":"(anonymous_14)","decl":{"start":{"line":177,"column":23},"end":{"line":177,"column":32}},"loc":{"start":{"line":177,"column":39},"end":{"line":177,"column":48}},"line":177},"15":{"name":"(anonymous_15)","decl":{"start":{"line":181,"column":22},"end":{"line":181,"column":31}},"loc":{"start":{"line":181,"column":38},"end":{"line":181,"column":47}},"line":181},"16":{"name":"dropPending","decl":{"start":{"line":186,"column":2},"end":{"line":186,"column":10}},"loc":{"start":{"line":186,"column":56},"end":{"line":192,"column":null}},"line":186},"17":{"name":"emitTransportError","decl":{"start":{"line":194,"column":2},"end":{"line":194,"column":10}},"loc":{"start":{"line":194,"column":51},"end":{"line":196,"column":null}},"line":194},"18":{"name":"(anonymous_18)","decl":{"start":{"line":195,"column":25},"end":{"line":195,"column":34}},"loc":{"start":{"line":195,"column":41},"end":{"line":195,"column":51}},"line":195}},"branchMap":{"0":{"loc":{"start":{"line":72,"column":4},"end":{"line":72,"column":null}},"type":"if","locations":[{"start":{"line":72,"column":4},"end":{"line":72,"column":null}},{"start":{},"end":{}}],"line":72},"1":{"loc":{"start":{"line":74,"column":22},"end":{"line":74,"column":null}},"type":"binary-expr","locations":[{"start":{"line":74,"column":22},"end":{"line":74,"column":42}},{"start":{"line":74,"column":42},"end":{"line":74,"column":null}}],"line":74},"2":{"loc":{"start":{"line":74,"column":42},"end":{"line":74,"column":null}},"type":"cond-expr","locations":[{"start":{"line":74,"column":68},"end":{"line":74,"column":75}},{"start":{"line":74,"column":75},"end":{"line":74,"column":null}}],"line":74},"3":{"loc":{"start":{"line":87,"column":4},"end":{"line":89,"column":null}},"type":"if","locations":[{"start":{"line":87,"column":4},"end":{"line":89,"column":null}},{"start":{},"end":{}}],"line":87},"4":{"loc":{"start":{"line":93,"column":59},"end":{"line":93,"column":71}},"type":"binary-expr","locations":[{"start":{"line":93,"column":59},"end":{"line":93,"column":67}},{"start":{"line":93,"column":67},"end":{"line":93,"column":71}}],"line":93},"5":{"loc":{"start":{"line":102,"column":4},"end":{"line":102,"column":null}},"type":"if","locations":[{"start":{"line":102,"column":4},"end":{"line":102,"column":null}},{"start":{},"end":{}}],"line":102},"6":{"loc":{"start":{"line":104,"column":4},"end":{"line":104,"column":null}},"type":"if","locations":[{"start":{"line":104,"column":4},"end":{"line":104,"column":null}},{"start":{},"end":{}}],"line":104},"7":{"loc":{"start":{"line":111,"column":6},"end":{"line":113,"column":null}},"type":"if","locations":[{"start":{"line":111,"column":6},"end":{"line":113,"column":null}},{"start":{},"end":{}}],"line":111},"8":{"loc":{"start":{"line":122,"column":4},"end":{"line":122,"column":null}},"type":"if","locations":[{"start":{"line":122,"column":4},"end":{"line":122,"column":null}},{"start":{},"end":{}}],"line":122},"9":{"loc":{"start":{"line":149,"column":4},"end":{"line":149,"column":null}},"type":"if","locations":[{"start":{"line":149,"column":4},"end":{"line":149,"column":null}},{"start":{},"end":{}}],"line":149},"10":{"loc":{"start":{"line":149,"column":8},"end":{"line":149,"column":53}},"type":"binary-expr","locations":[{"start":{"line":149,"column":8},"end":{"line":149,"column":26}},{"start":{"line":149,"column":26},"end":{"line":149,"column":53}}],"line":149},"11":{"loc":{"start":{"line":151,"column":4},"end":{"line":182,"column":null}},"type":"switch","locations":[{"start":{"line":152,"column":6},"end":{"line":172,"column":null}},{"start":{"line":173,"column":6},"end":{"line":175,"column":null}},{"start":{"line":176,"column":6},"end":{"line":178,"column":null}},{"start":{"line":179,"column":6},"end":{"line":181,"column":null}}],"line":151},"12":{"loc":{"start":{"line":154,"column":8},"end":{"line":157,"column":null}},"type":"if","locations":[{"start":{"line":154,"column":8},"end":{"line":157,"column":null}},{"start":{},"end":{}}],"line":154},"13":{"loc":{"start":{"line":154,"column":12},"end":{"line":154,"column":65}},"type":"binary-expr","locations":[{"start":{"line":154,"column":12},"end":{"line":154,"column":41}},{"start":{"line":154,"column":41},"end":{"line":154,"column":65}}],"line":154},"14":{"loc":{"start":{"line":159,"column":8},"end":{"line":159,"column":null}},"type":"if","locations":[{"start":{"line":159,"column":8},"end":{"line":159,"column":null}},{"start":{},"end":{}}],"line":159},"15":{"loc":{"start":{"line":161,"column":8},"end":{"line":161,"column":null}},"type":"if","locations":[{"start":{"line":161,"column":8},"end":{"line":161,"column":null}},{"start":{},"end":{}}],"line":161},"16":{"loc":{"start":{"line":162,"column":8},"end":{"line":170,"column":null}},"type":"if","locations":[{"start":{"line":162,"column":8},"end":{"line":170,"column":null}},{"start":{"line":164,"column":15},"end":{"line":170,"column":null}}],"line":162},"17":{"loc":{"start":{"line":166,"column":10},"end":{"line":168,"column":null}},"type":"if","locations":[{"start":{"line":166,"column":10},"end":{"line":168,"column":null}},{"start":{},"end":{}}],"line":166},"18":{"loc":{"start":{"line":166,"column":14},"end":{"line":166,"column":93}},"type":"binary-expr","locations":[{"start":{"line":166,"column":14},"end":{"line":166,"column":49}},{"start":{"line":166,"column":49},"end":{"line":166,"column":93}}],"line":166},"19":{"loc":{"start":{"line":169,"column":22},"end":{"line":169,"column":61}},"type":"binary-expr","locations":[{"start":{"line":169,"column":22},"end":{"line":169,"column":37}},{"start":{"line":169,"column":37},"end":{"line":169,"column":61}}],"line":169},"20":{"loc":{"start":{"line":188,"column":4},"end":{"line":188,"column":null}},"type":"if","locations":[{"start":{"line":188,"column":4},"end":{"line":188,"column":null}},{"start":{},"end":{}}],"line":188},"21":{"loc":{"start":{"line":190,"column":4},"end":{"line":190,"column":null}},"type":"if","locations":[{"start":{"line":190,"column":4},"end":{"line":190,"column":null}},{"start":{},"end":{}}],"line":190}},"s":{"0":1,"1":1,"2":1,"3":7,"4":7,"5":7,"6":7,"7":7,"8":7,"9":7,"10":7,"11":7,"12":7,"13":11,"14":1,"15":10,"16":10,"17":11,"18":10,"19":4,"20":6,"21":11,"22":11,"23":8,"24":1,"25":10,"26":10,"27":0,"28":10,"29":22,"30":1,"31":21,"32":21,"33":0,"34":21,"35":21,"36":9,"37":1,"38":9,"39":12,"40":12,"41":1,"42":0,"43":1,"44":1,"45":3,"46":1,"47":1,"48":0,"49":0,"50":3,"51":12,"52":0,"53":12,"54":12,"55":8,"56":2,"57":2,"58":6,"59":6,"60":0,"61":6,"62":6,"63":5,"64":6,"65":4,"66":2,"67":1,"68":2,"69":6,"70":0,"71":0,"72":0,"73":0,"74":0,"75":0,"76":4,"77":3,"78":4,"79":4,"80":0,"81":4,"82":4,"83":3,"84":4,"85":2,"86":2},"f":{"0":7,"1":11,"2":10,"3":4,"4":6,"5":1,"6":22,"7":1,"8":1,"9":0,"10":0,"11":3,"12":12,"13":0,"14":0,"15":3,"16":4,"17":2,"18":2},"b":{"0":[1,10],"1":[10,2],"2":[2,0],"3":[8,3],"4":[10,5],"5":[1,21],"6":[0,21],"7":[1,8],"8":[0,1],"9":[0,12],"10":[12,12],"11":[8,0,0,4],"12":[2,6],"13":[8,6],"14":[0,6],"15":[5,1],"16":[4,2],"17":[1,1],"18":[2,2],"19":[2,0],"20":[0,4],"21":[3,1]},"meta":{"lastBranch":22,"lastFunction":19,"lastStatement":87,"seen":{"s:19:26:23:Infinity":0,"s:26:26:26:Infinity":1,"s:39:27:39:Infinity":2,"s:42:20:42:Infinity":3,"s:43:16:43:Infinity":4,"s:44:26:44:Infinity":5,"s:45:19:45:Infinity":6,"s:47:29:47:Infinity":7,"s:49:50:49:Infinity":8,"s:50:50:50:Infinity":9,"s:51:51:51:Infinity":10,"s:52:59:52:Infinity":11,"f:57:2:57:14":0,"s:57:31:57:65":12,"f:67:2:67:Infinity":1,"b:72:4:72:Infinity:undefined:undefined:undefined:undefined":0,"s:72:4:72:Infinity":13,"s:72:21:72:Infinity":14,"s:73:15:73:Infinity":15,"s:74:22:74:Infinity":16,"b:74:22:74:42:74:42:74:Infinity":1,"b:74:68:74:75:74:75:74:Infinity":2,"s:76:14:84:Infinity":17,"f:76:18:76:Infinity":2,"s:79:6:83:Infinity":18,"f:80:8:80:18":3,"s:80:24:80:Infinity":19,"f:81:8:81:17":4,"s:81:23:81:Infinity":20,"s:86:17:86:Infinity":21,"b:87:4:89:Infinity:undefined:undefined:undefined:undefined":3,"s:87:4:89:Infinity":22,"s:88:6:88:Infinity":23,"f:88:19:88:36":5,"s:88:36:88:69":24,"s:92:4:96:Infinity":25,"s:93:6:93:Infinity":26,"b:93:59:93:67:93:67:93:71":4,"s:95:6:95:Infinity":27,"s:97:4:97:Infinity":28,"f:101:2:101:13":6,"b:102:4:102:Infinity:undefined:undefined:undefined:undefined":5,"s:102:4:102:Infinity":29,"s:102:21:102:Infinity":30,"s:103:16:103:Infinity":31,"b:104:4:104:Infinity:undefined:undefined:undefined:undefined":6,"s:104:4:104:Infinity":32,"s:104:20:104:Infinity":33,"s:107:4:115:Infinity":34,"s:108:6:108:Infinity":35,"b:111:6:113:Infinity:undefined:undefined:undefined:undefined":7,"s:111:6:113:Infinity":36,"s:112:8:112:Infinity":37,"s:114:6:114:Infinity":38,"s:116:4:116:Infinity":39,"s:117:4:117:Infinity":40,"f:121:2:121:16":7,"b:122:4:122:Infinity:undefined:undefined:undefined:undefined":8,"s:122:4:122:Infinity":41,"s:122:21:122:Infinity":42,"s:123:4:123:Infinity":43,"s:124:4:124:Infinity":44,"s:124:47:124:Infinity":45,"s:126:4:126:Infinity":46,"f:132:2:132:10":8,"s:133:4:133:Infinity":47,"f:135:2:135:23":9,"s:136:4:136:Infinity":48,"f:138:2:138:19":10,"s:139:4:139:Infinity":49,"f:141:2:141:19":11,"s:142:4:142:Infinity":50,"f:148:2:148:10":12,"b:149:4:149:Infinity:undefined:undefined:undefined:undefined":9,"s:149:4:149:Infinity":51,"b:149:8:149:26:149:26:149:53":10,"s:149:53:149:Infinity":52,"s:150:17:150:Infinity":53,"b:152:6:172:Infinity:173:6:175:Infinity:176:6:178:Infinity:179:6:181:Infinity":11,"s:151:4:182:Infinity":54,"b:154:8:157:Infinity:undefined:undefined:undefined:undefined":12,"s:154:8:157:Infinity":55,"b:154:12:154:41:154:41:154:65":13,"s:155:10:155:Infinity":56,"s:156:10:156:Infinity":57,"s:158:21:158:Infinity":58,"b:159:8:159:Infinity:undefined:undefined:undefined:undefined":14,"s:159:8:159:Infinity":59,"s:159:19:159:Infinity":60,"s:160:8:160:Infinity":61,"b:161:8:161:Infinity:undefined:undefined:undefined:undefined":15,"s:161:8:161:Infinity":62,"s:161:33:161:Infinity":63,"b:162:8:170:Infinity:164:15:170:Infinity":16,"s:162:8:170:Infinity":64,"s:163:10:163:Infinity":65,"b:166:10:168:Infinity:undefined:undefined:undefined:undefined":17,"s:166:10:168:Infinity":66,"b:166:14:166:49:166:49:166:93":18,"s:167:12:167:Infinity":67,"s:169:10:169:Infinity":68,"b:169:22:169:37:169:37:169:61":19,"s:171:8:171:Infinity":69,"s:174:8:174:Infinity":70,"f:174:22:174:31":13,"s:174:38:174:47":71,"s:175:8:175:Infinity":72,"s:177:8:177:Infinity":73,"f:177:23:177:32":14,"s:177:39:177:48":74,"s:178:8:178:Infinity":75,"s:181:8:181:Infinity":76,"f:181:22:181:31":15,"s:181:38:181:47":77,"f:186:2:186:10":16,"s:187:17:187:Infinity":78,"b:188:4:188:Infinity:undefined:undefined:undefined:undefined":20,"s:188:4:188:Infinity":79,"s:188:15:188:Infinity":80,"s:189:4:189:Infinity":81,"b:190:4:190:Infinity:undefined:undefined:undefined:undefined":21,"s:190:4:190:Infinity":82,"s:190:29:190:Infinity":83,"s:191:4:191:Infinity":84,"f:194:2:194:10":17,"s:195:4:195:Infinity":85,"f:195:25:195:34":18,"s:195:41:195:51":86},"fnNames":{}}}
,"/home/harry/pidesk/packages/pi-host/src/version.ts": {"path":"/home/harry/pidesk/packages/pi-host/src/version.ts","statementMap":{"0":{"start":{"line":48,"column":54},"end":{"line":48,"column":null}},"1":{"start":{"line":51,"column":17},"end":{"line":51,"column":null}},"2":{"start":{"line":52,"column":2},"end":{"line":52,"column":null}},"3":{"start":{"line":52,"column":38},"end":{"line":52,"column":null}},"4":{"start":{"line":55,"column":16},"end":{"line":55,"column":null}},"5":{"start":{"line":56,"column":2},"end":{"line":56,"column":null}},"6":{"start":{"line":56,"column":13},"end":{"line":56,"column":null}},"7":{"start":{"line":59,"column":2},"end":{"line":61,"column":null}},"8":{"start":{"line":81,"column":2},"end":{"line":105,"column":null}},"9":{"start":{"line":82,"column":4},"end":{"line":104,"column":null}},"10":{"start":{"line":88,"column":8},"end":{"line":96,"column":null}},"11":{"start":{"line":90,"column":13},"end":{"line":93,"column":null}},"12":{"start":{"line":94,"column":10},"end":{"line":94,"column":null}},"13":{"start":{"line":95,"column":10},"end":{"line":95,"column":null}},"14":{"start":{"line":97,"column":24},"end":{"line":97,"column":null}},"15":{"start":{"line":98,"column":22},"end":{"line":98,"column":null}},"16":{"start":{"line":99,"column":8},"end":{"line":101,"column":null}},"17":{"start":{"line":100,"column":10},"end":{"line":100,"column":null}},"18":{"start":{"line":102,"column":8},"end":{"line":102,"column":null}}},"fnMap":{"0":{"name":"resolvePiBinary","decl":{"start":{"line":46,"column":16},"end":{"line":46,"column":null}},"loc":{"start":{"line":49,"column":10},"end":{"line":62,"column":null}},"line":49},"1":{"name":"(anonymous_1)","decl":{"start":{"line":48,"column":2},"end":{"line":48,"column":54}},"loc":{"start":{"line":48,"column":54},"end":{"line":48,"column":null}},"line":48},"2":{"name":"checkPiVersion","decl":{"start":{"line":75,"column":16},"end":{"line":75,"column":null}},"loc":{"start":{"line":80,"column":31},"end":{"line":106,"column":null}},"line":80},"3":{"name":"(anonymous_3)","decl":{"start":{"line":81,"column":13},"end":{"line":81,"column":22}},"loc":{"start":{"line":81,"column":42},"end":{"line":105,"column":3}},"line":81},"4":{"name":"(anonymous_4)","decl":{"start":{"line":85,"column":44},"end":{"line":85,"column":null}},"loc":{"start":{"line":86,"column":23},"end":{"line":103,"column":null}},"line":86}},"branchMap":{"0":{"loc":{"start":{"line":48,"column":2},"end":{"line":48,"column":null}},"type":"default-arg","locations":[{"start":{"line":48,"column":2},"end":{"line":48,"column":null}}],"line":48},"1":{"loc":{"start":{"line":52,"column":2},"end":{"line":52,"column":null}},"type":"if","locations":[{"start":{"line":52,"column":2},"end":{"line":52,"column":null}},{"start":{},"end":{}}],"line":52},"2":{"loc":{"start":{"line":52,"column":6},"end":{"line":52,"column":38}},"type":"binary-expr","locations":[{"start":{"line":52,"column":6},"end":{"line":52,"column":16}},{"start":{"line":52,"column":16},"end":{"line":52,"column":38}}],"line":52},"3":{"loc":{"start":{"line":56,"column":2},"end":{"line":56,"column":null}},"type":"if","locations":[{"start":{"line":56,"column":2},"end":{"line":56,"column":null}},{"start":{},"end":{}}],"line":56},"4":{"loc":{"start":{"line":79,"column":2},"end":{"line":79,"column":null}},"type":"default-arg","locations":[{"start":{"line":79,"column":29},"end":{"line":79,"column":null}}],"line":79},"5":{"loc":{"start":{"line":88,"column":8},"end":{"line":96,"column":null}},"type":"if","locations":[{"start":{"line":88,"column":8},"end":{"line":96,"column":null}},{"start":{},"end":{}}],"line":88},"6":{"loc":{"start":{"line":90,"column":13},"end":{"line":93,"column":null}},"type":"cond-expr","locations":[{"start":{"line":92,"column":16},"end":{"line":92,"column":null}},{"start":{"line":93,"column":16},"end":{"line":93,"column":null}}],"line":90},"7":{"loc":{"start":{"line":90,"column":13},"end":{"line":91,"column":null}},"type":"binary-expr","locations":[{"start":{"line":90,"column":13},"end":{"line":90,"column":null}},{"start":{"line":91,"column":13},"end":{"line":91,"column":null}}],"line":90},"8":{"loc":{"start":{"line":99,"column":8},"end":{"line":101,"column":null}},"type":"if","locations":[{"start":{"line":99,"column":8},"end":{"line":101,"column":null}},{"start":{},"end":{}}],"line":99},"9":{"loc":{"start":{"line":99,"column":12},"end":{"line":99,"column":30}},"type":"binary-expr","locations":[{"start":{"line":99,"column":12},"end":{"line":99,"column":22}},{"start":{"line":99,"column":22},"end":{"line":99,"column":30}}],"line":99}},"s":{"0":1,"1":5,"2":5,"3":1,"4":4,"5":4,"6":2,"7":2,"8":7,"9":7,"10":7,"11":3,"12":3,"13":3,"14":4,"15":4,"16":4,"17":1,"18":4},"f":{"0":5,"1":1,"2":7,"3":7,"4":7},"b":{"0":[1],"1":[1,4],"2":[5,2],"3":[2,2],"4":[7],"5":[3,4],"6":[1,2],"7":[3,2],"8":[1,3],"9":[4,1]},"meta":{"lastBranch":10,"lastFunction":5,"lastStatement":19,"seen":{"f:46:16:46:Infinity":0,"b:48:2:48:Infinity":0,"f:48:2:48:54":1,"s:48:54:48:Infinity":0,"s:51:17:51:Infinity":1,"b:52:2:52:Infinity:undefined:undefined:undefined:undefined":1,"s:52:2:52:Infinity":2,"b:52:6:52:16:52:16:52:38":2,"s:52:38:52:Infinity":3,"s:55:16:55:Infinity":4,"b:56:2:56:Infinity:undefined:undefined:undefined:undefined":3,"s:56:2:56:Infinity":5,"s:56:13:56:Infinity":6,"s:59:2:61:Infinity":7,"f:75:16:75:Infinity":2,"b:79:29:79:Infinity":4,"s:81:2:105:Infinity":8,"f:81:13:81:22":3,"s:82:4:104:Infinity":9,"f:85:44:85:Infinity":4,"b:88:8:96:Infinity:undefined:undefined:undefined:undefined":5,"s:88:8:96:Infinity":10,"s:90:13:93:Infinity":11,"b:92:16:92:Infinity:93:16:93:Infinity":6,"b:90:13:90:Infinity:91:13:91:Infinity":7,"s:94:10:94:Infinity":12,"s:95:10:95:Infinity":13,"s:97:24:97:Infinity":14,"s:98:22:98:Infinity":15,"b:99:8:101:Infinity:undefined:undefined:undefined:undefined":8,"s:99:8:101:Infinity":16,"b:99:12:99:22:99:22:99:30":9,"s:100:10:100:Infinity":17,"s:102:8:102:Infinity":18},"fnNames":{}}}
,"/home/harry/pidesk/packages/shared/src/paths.ts": {"path":"/home/harry/pidesk/packages/shared/src/paths.ts","statementMap":{"0":{"start":{"line":14,"column":33},"end":{"line":14,"column":null}},"1":{"start":{"line":21,"column":12},"end":{"line":21,"column":null}},"2":{"start":{"line":22,"column":2},"end":{"line":27,"column":null}},"3":{"start":{"line":22,"column":15},"end":{"line":22,"column":18}},"4":{"start":{"line":23,"column":4},"end":{"line":23,"column":null}},"5":{"start":{"line":23,"column":54},"end":{"line":23,"column":null}},"6":{"start":{"line":24,"column":19},"end":{"line":24,"column":null}},"7":{"start":{"line":25,"column":4},"end":{"line":25,"column":null}},"8":{"start":{"line":25,"column":24},"end":{"line":25,"column":null}},"9":{"start":{"line":26,"column":4},"end":{"line":26,"column":null}},"10":{"start":{"line":28,"column":2},"end":{"line":28,"column":null}},"11":{"start":{"line":36,"column":18},"end":{"line":36,"column":null}},"12":{"start":{"line":37,"column":2},"end":{"line":37,"column":null}},"13":{"start":{"line":47,"column":19},"end":{"line":47,"column":null}},"14":{"start":{"line":48,"column":2},"end":{"line":48,"column":null}},"15":{"start":{"line":48,"column":42},"end":{"line":48,"column":null}},"16":{"start":{"line":49,"column":2},"end":{"line":49,"column":null}}},"fnMap":{"0":{"name":"findRepoRootFrom","decl":{"start":{"line":20,"column":9},"end":{"line":20,"column":26}},"loc":{"start":{"line":20,"column":64},"end":{"line":29,"column":null}},"line":20},"1":{"name":"findRepoRoot","decl":{"start":{"line":35,"column":16},"end":{"line":35,"column":39}},"loc":{"start":{"line":35,"column":39},"end":{"line":38,"column":null}},"line":35},"2":{"name":"resolveDataDir","decl":{"start":{"line":46,"column":16},"end":{"line":46,"column":31}},"loc":{"start":{"line":46,"column":63},"end":{"line":50,"column":null}},"line":46}},"branchMap":{"0":{"loc":{"start":{"line":23,"column":4},"end":{"line":23,"column":null}},"type":"if","locations":[{"start":{"line":23,"column":4},"end":{"line":23,"column":null}},{"start":{},"end":{}}],"line":23},"1":{"loc":{"start":{"line":25,"column":4},"end":{"line":25,"column":null}},"type":"if","locations":[{"start":{"line":25,"column":4},"end":{"line":25,"column":null}},{"start":{},"end":{}}],"line":25},"2":{"loc":{"start":{"line":37,"column":9},"end":{"line":37,"column":null}},"type":"binary-expr","locations":[{"start":{"line":37,"column":9},"end":{"line":37,"column":38}},{"start":{"line":37,"column":38},"end":{"line":37,"column":null}}],"line":37},"3":{"loc":{"start":{"line":48,"column":2},"end":{"line":48,"column":null}},"type":"if","locations":[{"start":{"line":48,"column":2},"end":{"line":48,"column":null}},{"start":{},"end":{}}],"line":48},"4":{"loc":{"start":{"line":48,"column":6},"end":{"line":48,"column":42}},"type":"binary-expr","locations":[{"start":{"line":48,"column":6},"end":{"line":48,"column":18}},{"start":{"line":48,"column":18},"end":{"line":48,"column":42}}],"line":48}},"s":{"0":1,"1":6,"2":6,"3":6,"4":24,"5":6,"6":18,"7":18,"8":0,"9":18,"10":0,"11":6,"12":6,"13":4,"14":4,"15":1,"16":3},"f":{"0":6,"1":6,"2":4},"b":{"0":[6,18],"1":[0,18],"2":[6,0],"3":[1,3],"4":[4,2]},"meta":{"lastBranch":5,"lastFunction":3,"lastStatement":17,"seen":{"s:14:33:14:Infinity":0,"f:20:9:20:26":0,"s:21:12:21:Infinity":1,"s:22:2:27:Infinity":2,"s:22:15:22:18":3,"b:23:4:23:Infinity:undefined:undefined:undefined:undefined":0,"s:23:4:23:Infinity":4,"s:23:54:23:Infinity":5,"s:24:19:24:Infinity":6,"b:25:4:25:Infinity:undefined:undefined:undefined:undefined":1,"s:25:4:25:Infinity":7,"s:25:24:25:Infinity":8,"s:26:4:26:Infinity":9,"s:28:2:28:Infinity":10,"f:35:16:35:39":1,"s:36:18:36:Infinity":11,"s:37:2:37:Infinity":12,"b:37:9:37:38:37:38:37:Infinity":2,"f:46:16:46:31":2,"s:47:19:47:Infinity":13,"b:48:2:48:Infinity:undefined:undefined:undefined:undefined":3,"s:48:2:48:Infinity":14,"b:48:6:48:18:48:18:48:42":4,"s:48:42:48:Infinity":15,"s:49:2:49:Infinity":16},"fnNames":{}}}
,"/home/harry/pidesk/packages/shared/src/redact.ts": {"path":"/home/harry/pidesk/packages/shared/src/redact.ts","statementMap":{"0":{"start":{"line":9,"column":13},"end":{"line":9,"column":null}},"1":{"start":{"line":12,"column":28},"end":{"line":19,"column":null}},"2":{"start":{"line":22,"column":2},"end":{"line":22,"column":null}},"3":{"start":{"line":26,"column":18},"end":{"line":26,"column":null}},"4":{"start":{"line":29,"column":14},"end":{"line":29,"column":null}},"5":{"start":{"line":32,"column":17},"end":{"line":32,"column":null}},"6":{"start":{"line":36,"column":2},"end":{"line":39,"column":null}},"7":{"start":{"line":37,"column":48},"end":{"line":37,"column":61}},"8":{"start":{"line":38,"column":56},"end":{"line":38,"column":65}},"9":{"start":{"line":49,"column":2},"end":{"line":49,"column":null}},"10":{"start":{"line":49,"column":28},"end":{"line":49,"column":null}},"11":{"start":{"line":50,"column":2},"end":{"line":65,"column":null}},"12":{"start":{"line":51,"column":14},"end":{"line":51,"column":null}},"13":{"start":{"line":53,"column":20},"end":{"line":53,"column":null}},"14":{"start":{"line":54,"column":4},"end":{"line":63,"column":null}},"15":{"start":{"line":55,"column":6},"end":{"line":62,"column":null}},"16":{"start":{"line":56,"column":32},"end":{"line":56,"column":null}},"17":{"start":{"line":57,"column":8},"end":{"line":59,"column":null}},"18":{"start":{"line":58,"column":10},"end":{"line":58,"column":null}},"19":{"start":{"line":64,"column":4},"end":{"line":64,"column":null}},"20":{"start":{"line":66,"column":2},"end":{"line":76,"column":null}},"21":{"start":{"line":67,"column":41},"end":{"line":67,"column":null}},"22":{"start":{"line":68,"column":4},"end":{"line":74,"column":null}},"23":{"start":{"line":69,"column":6},"end":{"line":73,"column":null}},"24":{"start":{"line":70,"column":8},"end":{"line":70,"column":null}},"25":{"start":{"line":72,"column":8},"end":{"line":72,"column":null}},"26":{"start":{"line":75,"column":4},"end":{"line":75,"column":null}},"27":{"start":{"line":77,"column":2},"end":{"line":77,"column":null}},"28":{"start":{"line":85,"column":18},"end":{"line":85,"column":null}},"29":{"start":{"line":86,"column":2},"end":{"line":98,"column":null}},"30":{"start":{"line":87,"column":4},"end":{"line":97,"column":null}},"31":{"start":{"line":88,"column":25},"end":{"line":88,"column":null}},"32":{"start":{"line":89,"column":6},"end":{"line":94,"column":null}},"33":{"start":{"line":91,"column":21},"end":{"line":91,"column":null}},"34":{"start":{"line":92,"column":21},"end":{"line":92,"column":null}},"35":{"start":{"line":93,"column":8},"end":{"line":93,"column":null}},"36":{"start":{"line":99,"column":2},"end":{"line":99,"column":null}}},"fnMap":{"0":{"name":"isSensitiveKey","decl":{"start":{"line":21,"column":9},"end":{"line":21,"column":24}},"loc":{"start":{"line":21,"column":46},"end":{"line":23,"column":null}},"line":21},"1":{"name":"redactPlain","decl":{"start":{"line":35,"column":9},"end":{"line":35,"column":21}},"loc":{"start":{"line":35,"column":40},"end":{"line":40,"column":null}},"line":35},"2":{"name":"(anonymous_2)","decl":{"start":{"line":37,"column":13},"end":{"line":37,"column":25}},"loc":{"start":{"line":37,"column":48},"end":{"line":37,"column":61}},"line":37},"3":{"name":"(anonymous_3)","decl":{"start":{"line":38,"column":13},"end":{"line":38,"column":24}},"loc":{"start":{"line":38,"column":56},"end":{"line":38,"column":65}},"line":38},"4":{"name":"redactDeep","decl":{"start":{"line":48,"column":9},"end":{"line":48,"column":20}},"loc":{"start":{"line":48,"column":45},"end":{"line":78,"column":null}},"line":48},"5":{"name":"redact","decl":{"start":{"line":84,"column":16},"end":{"line":84,"column":23}},"loc":{"start":{"line":84,"column":46},"end":{"line":100,"column":null}},"line":84}},"branchMap":{"0":{"loc":{"start":{"line":49,"column":2},"end":{"line":49,"column":null}},"type":"if","locations":[{"start":{"line":49,"column":2},"end":{"line":49,"column":null}},{"start":{},"end":{}}],"line":49},"1":{"loc":{"start":{"line":50,"column":2},"end":{"line":65,"column":null}},"type":"if","locations":[{"start":{"line":50,"column":2},"end":{"line":65,"column":null}},{"start":{},"end":{}}],"line":50},"2":{"loc":{"start":{"line":54,"column":4},"end":{"line":63,"column":null}},"type":"if","locations":[{"start":{"line":54,"column":4},"end":{"line":63,"column":null}},{"start":{},"end":{}}],"line":54},"3":{"loc":{"start":{"line":54,"column":8},"end":{"line":54,"column":60}},"type":"binary-expr","locations":[{"start":{"line":54,"column":8},"end":{"line":54,"column":35}},{"start":{"line":54,"column":35},"end":{"line":54,"column":60}}],"line":54},"4":{"loc":{"start":{"line":57,"column":8},"end":{"line":59,"column":null}},"type":"if","locations":[{"start":{"line":57,"column":8},"end":{"line":59,"column":null}},{"start":{},"end":{}}],"line":57},"5":{"loc":{"start":{"line":57,"column":12},"end":{"line":57,"column":59}},"type":"binary-expr","locations":[{"start":{"line":57,"column":12},"end":{"line":57,"column":42}},{"start":{"line":57,"column":42},"end":{"line":57,"column":59}}],"line":57},"6":{"loc":{"start":{"line":66,"column":2},"end":{"line":76,"column":null}},"type":"if","locations":[{"start":{"line":66,"column":2},"end":{"line":76,"column":null}},{"start":{},"end":{}}],"line":66},"7":{"loc":{"start":{"line":66,"column":6},"end":{"line":66,"column":51}},"type":"binary-expr","locations":[{"start":{"line":66,"column":6},"end":{"line":66,"column":35}},{"start":{"line":66,"column":35},"end":{"line":66,"column":51}}],"line":66},"8":{"loc":{"start":{"line":69,"column":6},"end":{"line":73,"column":null}},"type":"if","locations":[{"start":{"line":69,"column":6},"end":{"line":73,"column":null}},{"start":{"line":71,"column":13},"end":{"line":73,"column":null}}],"line":69},"9":{"loc":{"start":{"line":86,"column":2},"end":{"line":98,"column":null}},"type":"if","locations":[{"start":{"line":86,"column":2},"end":{"line":98,"column":null}},{"start":{},"end":{}}],"line":86},"10":{"loc":{"start":{"line":86,"column":6},"end":{"line":86,"column":58}},"type":"binary-expr","locations":[{"start":{"line":86,"column":6},"end":{"line":86,"column":33}},{"start":{"line":86,"column":33},"end":{"line":86,"column":58}}],"line":86},"11":{"loc":{"start":{"line":89,"column":6},"end":{"line":94,"column":null}},"type":"if","locations":[{"start":{"line":89,"column":6},"end":{"line":94,"column":null}},{"start":{},"end":{}}],"line":89},"12":{"loc":{"start":{"line":89,"column":10},"end":{"line":89,"column":47}},"type":"binary-expr","locations":[{"start":{"line":89,"column":10},"end":{"line":89,"column":35}},{"start":{"line":89,"column":35},"end":{"line":89,"column":47}}],"line":89}},"s":{"0":1,"1":1,"2":10,"3":1,"4":1,"5":1,"6":13,"7":2,"8":12,"9":10,"10":1,"11":9,"12":4,"13":4,"14":4,"15":1,"16":1,"17":1,"18":1,"19":4,"20":5,"21":5,"22":5,"23":10,"24":4,"25":6,"26":5,"27":0,"28":11,"29":11,"30":2,"31":2,"32":2,"33":2,"34":2,"35":2,"36":9},"f":{"0":10,"1":13,"2":2,"3":12,"4":10,"5":11},"b":{"0":[1,9],"1":[4,5],"2":[1,3],"3":[4,3],"4":[1,0],"5":[1,1],"6":[5,0],"7":[5,5],"8":[4,6],"9":[2,9],"10":[11,9],"11":[2,0],"12":[2,2]},"meta":{"lastBranch":13,"lastFunction":6,"lastStatement":37,"seen":{"s:9:13:9:Infinity":0,"s:12:28:19:Infinity":1,"f:21:9:21:24":0,"s:22:2:22:Infinity":2,"s:26:18:26:Infinity":3,"s:29:14:29:Infinity":4,"s:32:17:32:Infinity":5,"f:35:9:35:21":1,"s:36:2:39:Infinity":6,"f:37:13:37:25":2,"s:37:48:37:61":7,"f:38:13:38:24":3,"s:38:56:38:65":8,"f:48:9:48:20":4,"b:49:2:49:Infinity:undefined:undefined:undefined:undefined":0,"s:49:2:49:Infinity":9,"s:49:28:49:Infinity":10,"b:50:2:65:Infinity:undefined:undefined:undefined:undefined":1,"s:50:2:65:Infinity":11,"s:51:14:51:Infinity":12,"s:53:20:53:Infinity":13,"b:54:4:63:Infinity:undefined:undefined:undefined:undefined":2,"s:54:4:63:Infinity":14,"b:54:8:54:35:54:35:54:60":3,"s:55:6:62:Infinity":15,"s:56:32:56:Infinity":16,"b:57:8:59:Infinity:undefined:undefined:undefined:undefined":4,"s:57:8:59:Infinity":17,"b:57:12:57:42:57:42:57:59":5,"s:58:10:58:Infinity":18,"s:64:4:64:Infinity":19,"b:66:2:76:Infinity:undefined:undefined:undefined:undefined":6,"s:66:2:76:Infinity":20,"b:66:6:66:35:66:35:66:51":7,"s:67:41:67:Infinity":21,"s:68:4:74:Infinity":22,"b:69:6:73:Infinity:71:13:73:Infinity":8,"s:69:6:73:Infinity":23,"s:70:8:70:Infinity":24,"s:72:8:72:Infinity":25,"s:75:4:75:Infinity":26,"s:77:2:77:Infinity":27,"f:84:16:84:23":5,"s:85:18:85:Infinity":28,"b:86:2:98:Infinity:undefined:undefined:undefined:undefined":9,"s:86:2:98:Infinity":29,"b:86:6:86:33:86:33:86:58":10,"s:87:4:97:Infinity":30,"s:88:25:88:Infinity":31,"b:89:6:94:Infinity:undefined:undefined:undefined:undefined":11,"s:89:6:94:Infinity":32,"b:89:10:89:35:89:35:89:47":12,"s:91:21:91:Infinity":33,"s:92:21:92:Infinity":34,"s:93:8:93:Infinity":35,"s:99:2:99:Infinity":36},"fnNames":{}}}
}
